mode: set
github.com/go-park-mail-ru/2019_2_Solar/pinterest/usecase/read_functions.go:9.70,11.16 2 1
github.com/go-park-mail-ru/2019_2_Solar/pinterest/usecase/read_functions.go:14.2,14.25 1 1
github.com/go-park-mail-ru/2019_2_Solar/pinterest/usecase/read_functions.go:17.2,17.29 1 1
github.com/go-park-mail-ru/2019_2_Solar/pinterest/usecase/read_functions.go:11.16,13.3 1 0
github.com/go-park-mail-ru/2019_2_Solar/pinterest/usecase/read_functions.go:14.25,16.3 1 0
github.com/go-park-mail-ru/2019_2_Solar/pinterest/usecase/read_functions.go:20.86,22.16 2 1
github.com/go-park-mail-ru/2019_2_Solar/pinterest/usecase/read_functions.go:25.2,25.25 1 1
github.com/go-park-mail-ru/2019_2_Solar/pinterest/usecase/read_functions.go:28.2,41.25 3 1
github.com/go-park-mail-ru/2019_2_Solar/pinterest/usecase/read_functions.go:22.16,24.3 1 0
github.com/go-park-mail-ru/2019_2_Solar/pinterest/usecase/read_functions.go:25.25,27.3 1 0
github.com/go-park-mail-ru/2019_2_Solar/pinterest/usecase/read_functions.go:44.73,46.16 2 1
github.com/go-park-mail-ru/2019_2_Solar/pinterest/usecase/read_functions.go:49.2,49.25 1 1
github.com/go-park-mail-ru/2019_2_Solar/pinterest/usecase/read_functions.go:52.2,52.24 1 1
github.com/go-park-mail-ru/2019_2_Solar/pinterest/usecase/read_functions.go:55.2,56.26 2 1
github.com/go-park-mail-ru/2019_2_Solar/pinterest/usecase/read_functions.go:46.16,48.3 1 0
github.com/go-park-mail-ru/2019_2_Solar/pinterest/usecase/read_functions.go:49.25,51.3 1 0
github.com/go-park-mail-ru/2019_2_Solar/pinterest/usecase/read_functions.go:52.24,54.3 1 0
github.com/go-park-mail-ru/2019_2_Solar/pinterest/usecase/read_functions.go:59.67,61.16 2 1
github.com/go-park-mail-ru/2019_2_Solar/pinterest/usecase/read_functions.go:64.2,65.29 2 1
github.com/go-park-mail-ru/2019_2_Solar/pinterest/usecase/read_functions.go:81.2,81.26 1 1
github.com/go-park-mail-ru/2019_2_Solar/pinterest/usecase/read_functions.go:61.16,63.3 1 0
github.com/go-park-mail-ru/2019_2_Solar/pinterest/usecase/read_functions.go:65.29,80.3 3 1
github.com/go-park-mail-ru/2019_2_Solar/pinterest/usecase/read_functions.go:84.68,86.16 2 1
github.com/go-park-mail-ru/2019_2_Solar/pinterest/usecase/read_functions.go:89.2,90.20 2 1
github.com/go-park-mail-ru/2019_2_Solar/pinterest/usecase/read_functions.go:86.16,88.3 1 0
github.com/go-park-mail-ru/2019_2_Solar/pinterest/usecase/read_functions.go:93.70,95.16 2 1
github.com/go-park-mail-ru/2019_2_Solar/pinterest/usecase/read_functions.go:98.2,98.21 1 1
github.com/go-park-mail-ru/2019_2_Solar/pinterest/usecase/read_functions.go:101.2,101.20 1 1
github.com/go-park-mail-ru/2019_2_Solar/pinterest/usecase/read_functions.go:104.2,105.22 2 1
github.com/go-park-mail-ru/2019_2_Solar/pinterest/usecase/read_functions.go:95.16,97.3 1 0
github.com/go-park-mail-ru/2019_2_Solar/pinterest/usecase/read_functions.go:98.21,100.3 1 0
github.com/go-park-mail-ru/2019_2_Solar/pinterest/usecase/read_functions.go:101.20,103.3 1 0
github.com/go-park-mail-ru/2019_2_Solar/pinterest/usecase/read_functions.go:108.74,110.16 2 0
github.com/go-park-mail-ru/2019_2_Solar/pinterest/usecase/read_functions.go:113.2,113.31 1 0
github.com/go-park-mail-ru/2019_2_Solar/pinterest/usecase/read_functions.go:116.2,116.20 1 0
github.com/go-park-mail-ru/2019_2_Solar/pinterest/usecase/read_functions.go:110.16,112.3 1 0
github.com/go-park-mail-ru/2019_2_Solar/pinterest/usecase/read_functions.go:113.31,115.3 1 0
github.com/go-park-mail-ru/2019_2_Solar/pinterest/usecase/read_functions.go:119.83,121.16 2 1
github.com/go-park-mail-ru/2019_2_Solar/pinterest/usecase/read_functions.go:124.2,124.27 1 1
github.com/go-park-mail-ru/2019_2_Solar/pinterest/usecase/read_functions.go:127.2,127.18 1 1
github.com/go-park-mail-ru/2019_2_Solar/pinterest/usecase/read_functions.go:121.16,123.3 1 0
github.com/go-park-mail-ru/2019_2_Solar/pinterest/usecase/read_functions.go:124.27,126.3 1 1
github.com/go-park-mail-ru/2019_2_Solar/pinterest/usecase/read_functions.go:130.82,132.16 2 0
github.com/go-park-mail-ru/2019_2_Solar/pinterest/usecase/read_functions.go:135.2,135.27 1 0
github.com/go-park-mail-ru/2019_2_Solar/pinterest/usecase/read_functions.go:138.2,138.18 1 0
github.com/go-park-mail-ru/2019_2_Solar/pinterest/usecase/read_functions.go:132.16,134.3 1 0
github.com/go-park-mail-ru/2019_2_Solar/pinterest/usecase/read_functions.go:135.27,137.3 1 0
github.com/go-park-mail-ru/2019_2_Solar/pinterest/usecase/read_functions.go:141.65,143.16 2 1
github.com/go-park-mail-ru/2019_2_Solar/pinterest/usecase/read_functions.go:146.2,146.18 1 1
github.com/go-park-mail-ru/2019_2_Solar/pinterest/usecase/read_functions.go:143.16,145.3 1 0
github.com/go-park-mail-ru/2019_2_Solar/pinterest/usecase/read_functions.go:149.77,151.16 2 1
github.com/go-park-mail-ru/2019_2_Solar/pinterest/usecase/read_functions.go:154.2,154.18 1 1
github.com/go-park-mail-ru/2019_2_Solar/pinterest/usecase/read_functions.go:151.16,153.3 1 0
github.com/go-park-mail-ru/2019_2_Solar/pinterest/usecase/read_functions.go:157.84,159.16 2 1
github.com/go-park-mail-ru/2019_2_Solar/pinterest/usecase/read_functions.go:162.2,162.18 1 1
github.com/go-park-mail-ru/2019_2_Solar/pinterest/usecase/read_functions.go:159.16,161.3 1 0
github.com/go-park-mail-ru/2019_2_Solar/pinterest/usecase/read_functions.go:165.82,168.16 2 1
github.com/go-park-mail-ru/2019_2_Solar/pinterest/usecase/read_functions.go:171.2,171.35 1 1
github.com/go-park-mail-ru/2019_2_Solar/pinterest/usecase/read_functions.go:174.2,174.22 1 1
github.com/go-park-mail-ru/2019_2_Solar/pinterest/usecase/read_functions.go:168.16,170.3 1 0
github.com/go-park-mail-ru/2019_2_Solar/pinterest/usecase/read_functions.go:171.35,173.3 1 1
github.com/go-park-mail-ru/2019_2_Solar/pinterest/usecase/read_functions.go:177.76,180.16 2 0
github.com/go-park-mail-ru/2019_2_Solar/pinterest/usecase/read_functions.go:186.2,186.21 1 0
github.com/go-park-mail-ru/2019_2_Solar/pinterest/usecase/read_functions.go:180.16,182.3 1 0
github.com/go-park-mail-ru/2019_2_Solar/pinterest/usecase/read_functions.go:189.94,191.16 2 0
github.com/go-park-mail-ru/2019_2_Solar/pinterest/usecase/read_functions.go:194.2,194.30 1 0
github.com/go-park-mail-ru/2019_2_Solar/pinterest/usecase/read_functions.go:197.2,197.18 1 0
github.com/go-park-mail-ru/2019_2_Solar/pinterest/usecase/read_functions.go:191.16,193.3 1 0
github.com/go-park-mail-ru/2019_2_Solar/pinterest/usecase/read_functions.go:194.30,196.3 1 0
github.com/go-park-mail-ru/2019_2_Solar/pinterest/usecase/read_functions.go:200.81,202.16 2 0
github.com/go-park-mail-ru/2019_2_Solar/pinterest/usecase/read_functions.go:206.2,206.24 1 0
github.com/go-park-mail-ru/2019_2_Solar/pinterest/usecase/read_functions.go:202.16,204.3 1 0
github.com/go-park-mail-ru/2019_2_Solar/pinterest/usecase/read_functions.go:209.103,211.16 2 0
github.com/go-park-mail-ru/2019_2_Solar/pinterest/usecase/read_functions.go:214.2,214.22 1 0
github.com/go-park-mail-ru/2019_2_Solar/pinterest/usecase/read_functions.go:211.16,213.3 1 0
github.com/go-park-mail-ru/2019_2_Solar/pinterest/usecase/read_functions.go:217.85,219.16 2 0
github.com/go-park-mail-ru/2019_2_Solar/pinterest/usecase/read_functions.go:222.2,222.20 1 0
github.com/go-park-mail-ru/2019_2_Solar/pinterest/usecase/read_functions.go:225.2,225.19 1 0
github.com/go-park-mail-ru/2019_2_Solar/pinterest/usecase/read_functions.go:228.2,228.21 1 0
github.com/go-park-mail-ru/2019_2_Solar/pinterest/usecase/read_functions.go:219.16,221.3 1 0
github.com/go-park-mail-ru/2019_2_Solar/pinterest/usecase/read_functions.go:222.20,224.3 1 0
github.com/go-park-mail-ru/2019_2_Solar/pinterest/usecase/read_functions.go:225.19,227.3 1 0
github.com/go-park-mail-ru/2019_2_Solar/pinterest/usecase/read_functions.go:231.96,233.16 2 0
github.com/go-park-mail-ru/2019_2_Solar/pinterest/usecase/read_functions.go:236.2,236.27 1 0
github.com/go-park-mail-ru/2019_2_Solar/pinterest/usecase/read_functions.go:239.2,239.26 1 0
github.com/go-park-mail-ru/2019_2_Solar/pinterest/usecase/read_functions.go:242.2,242.28 1 0
github.com/go-park-mail-ru/2019_2_Solar/pinterest/usecase/read_functions.go:233.16,235.3 1 0
github.com/go-park-mail-ru/2019_2_Solar/pinterest/usecase/read_functions.go:236.27,238.3 1 0
github.com/go-park-mail-ru/2019_2_Solar/pinterest/usecase/read_functions.go:239.26,241.3 1 0
github.com/go-park-mail-ru/2019_2_Solar/pinterest/usecase/read_functions.go:245.97,247.16 2 0
github.com/go-park-mail-ru/2019_2_Solar/pinterest/usecase/read_functions.go:250.2,250.27 1 0
github.com/go-park-mail-ru/2019_2_Solar/pinterest/usecase/read_functions.go:253.2,253.26 1 0
github.com/go-park-mail-ru/2019_2_Solar/pinterest/usecase/read_functions.go:256.2,256.28 1 0
github.com/go-park-mail-ru/2019_2_Solar/pinterest/usecase/read_functions.go:247.16,249.3 1 0
github.com/go-park-mail-ru/2019_2_Solar/pinterest/usecase/read_functions.go:250.27,252.3 1 0
github.com/go-park-mail-ru/2019_2_Solar/pinterest/usecase/read_functions.go:253.26,255.3 1 0
github.com/go-park-mail-ru/2019_2_Solar/pinterest/usecase/search_functions.go:7.80,9.16 2 1
github.com/go-park-mail-ru/2019_2_Solar/pinterest/usecase/search_functions.go:12.2,12.27 1 1
github.com/go-park-mail-ru/2019_2_Solar/pinterest/usecase/search_functions.go:15.2,15.18 1 1
github.com/go-park-mail-ru/2019_2_Solar/pinterest/usecase/search_functions.go:9.16,11.3 1 0
github.com/go-park-mail-ru/2019_2_Solar/pinterest/usecase/search_functions.go:12.27,14.3 1 1
github.com/go-park-mail-ru/2019_2_Solar/pinterest/usecase/search_functions.go:18.94,20.16 2 0
github.com/go-park-mail-ru/2019_2_Solar/pinterest/usecase/search_functions.go:24.2,24.19 1 0
github.com/go-park-mail-ru/2019_2_Solar/pinterest/usecase/search_functions.go:20.16,22.3 1 0
github.com/go-park-mail-ru/2019_2_Solar/pinterest/usecase/chat_web_socket.go:9.76,14.2 4 0
github.com/go-park-mail-ru/2019_2_Solar/pinterest/usecase/json_functions.go:8.96,10.8 2 1
github.com/go-park-mail-ru/2019_2_Solar/pinterest/usecase/json_functions.go:20.2,20.54 1 1
github.com/go-park-mail-ru/2019_2_Solar/pinterest/usecase/json_functions.go:30.2,30.43 1 1
github.com/go-park-mail-ru/2019_2_Solar/pinterest/usecase/json_functions.go:40.2,40.57 1 1
github.com/go-park-mail-ru/2019_2_Solar/pinterest/usecase/json_functions.go:50.2,56.16 2 1
github.com/go-park-mail-ru/2019_2_Solar/pinterest/usecase/json_functions.go:10.8,19.3 2 1
github.com/go-park-mail-ru/2019_2_Solar/pinterest/usecase/json_functions.go:20.54,29.3 2 1
github.com/go-park-mail-ru/2019_2_Solar/pinterest/usecase/json_functions.go:30.43,39.3 2 1
github.com/go-park-mail-ru/2019_2_Solar/pinterest/usecase/json_functions.go:40.57,49.3 2 1
github.com/go-park-mail-ru/2019_2_Solar/pinterest/usecase/json_functions.go:59.91,61.45 2 0
github.com/go-park-mail-ru/2019_2_Solar/pinterest/usecase/json_functions.go:64.2,64.12 1 0
github.com/go-park-mail-ru/2019_2_Solar/pinterest/usecase/json_functions.go:61.45,63.3 1 0
github.com/go-park-mail-ru/2019_2_Solar/pinterest/usecase/delete_functions.go:3.69,5.16 2 1
github.com/go-park-mail-ru/2019_2_Solar/pinterest/usecase/delete_functions.go:8.2,8.12 1 1
github.com/go-park-mail-ru/2019_2_Solar/pinterest/usecase/delete_functions.go:5.16,7.3 1 1
github.com/go-park-mail-ru/2019_2_Solar/pinterest/usecase/delete_functions.go:11.81,13.16 2 0
github.com/go-park-mail-ru/2019_2_Solar/pinterest/usecase/delete_functions.go:16.2,16.12 1 0
github.com/go-park-mail-ru/2019_2_Solar/pinterest/usecase/delete_functions.go:13.16,15.3 1 0
github.com/go-park-mail-ru/2019_2_Solar/pinterest/usecase/return.go:5.56,7.2 1 0
github.com/go-park-mail-ru/2019_2_Solar/pinterest/usecase/supporting_functions.go:9.74,10.37 1 1
github.com/go-park-mail-ru/2019_2_Solar/pinterest/usecase/supporting_functions.go:15.2,15.44 1 1
github.com/go-park-mail-ru/2019_2_Solar/pinterest/usecase/supporting_functions.go:10.37,11.33 1 1
github.com/go-park-mail-ru/2019_2_Solar/pinterest/usecase/supporting_functions.go:11.33,13.4 1 1
github.com/go-park-mail-ru/2019_2_Solar/pinterest/usecase/supporting_functions.go:18.49,20.2 1 1
github.com/go-park-mail-ru/2019_2_Solar/pinterest/usecase/check_functions.go:10.77,11.50 1 1
github.com/go-park-mail-ru/2019_2_Solar/pinterest/usecase/check_functions.go:14.2,14.56 1 1
github.com/go-park-mail-ru/2019_2_Solar/pinterest/usecase/check_functions.go:17.2,17.56 1 1
github.com/go-park-mail-ru/2019_2_Solar/pinterest/usecase/check_functions.go:20.2,20.12 1 1
github.com/go-park-mail-ru/2019_2_Solar/pinterest/usecase/check_functions.go:11.50,13.3 1 1
github.com/go-park-mail-ru/2019_2_Solar/pinterest/usecase/check_functions.go:14.56,16.3 1 1
github.com/go-park-mail-ru/2019_2_Solar/pinterest/usecase/check_functions.go:17.56,19.3 1 1
github.com/go-park-mail-ru/2019_2_Solar/pinterest/usecase/check_functions.go:23.43,24.101 1 1
github.com/go-park-mail-ru/2019_2_Solar/pinterest/usecase/check_functions.go:27.2,27.41 1 1
github.com/go-park-mail-ru/2019_2_Solar/pinterest/usecase/check_functions.go:24.101,26.3 1 1
github.com/go-park-mail-ru/2019_2_Solar/pinterest/usecase/check_functions.go:30.37,31.50 1 1
github.com/go-park-mail-ru/2019_2_Solar/pinterest/usecase/check_functions.go:34.2,34.38 1 1
github.com/go-park-mail-ru/2019_2_Solar/pinterest/usecase/check_functions.go:31.50,33.3 1 1
github.com/go-park-mail-ru/2019_2_Solar/pinterest/usecase/check_functions.go:37.43,38.23 1 1
github.com/go-park-mail-ru/2019_2_Solar/pinterest/usecase/check_functions.go:41.2,41.24 1 1
github.com/go-park-mail-ru/2019_2_Solar/pinterest/usecase/check_functions.go:44.2,44.55 1 1
github.com/go-park-mail-ru/2019_2_Solar/pinterest/usecase/check_functions.go:47.2,47.57 1 1
github.com/go-park-mail-ru/2019_2_Solar/pinterest/usecase/check_functions.go:50.2,50.57 1 1
github.com/go-park-mail-ru/2019_2_Solar/pinterest/usecase/check_functions.go:53.2,53.12 1 1
github.com/go-park-mail-ru/2019_2_Solar/pinterest/usecase/check_functions.go:38.23,40.3 1 1
github.com/go-park-mail-ru/2019_2_Solar/pinterest/usecase/check_functions.go:41.24,43.3 1 1
github.com/go-park-mail-ru/2019_2_Solar/pinterest/usecase/check_functions.go:44.55,46.3 1 1
github.com/go-park-mail-ru/2019_2_Solar/pinterest/usecase/check_functions.go:47.57,49.3 1 1
github.com/go-park-mail-ru/2019_2_Solar/pinterest/usecase/check_functions.go:50.57,52.3 1 0
github.com/go-park-mail-ru/2019_2_Solar/pinterest/usecase/check_functions.go:56.35,57.85 1 1
github.com/go-park-mail-ru/2019_2_Solar/pinterest/usecase/check_functions.go:60.2,60.37 1 1
github.com/go-park-mail-ru/2019_2_Solar/pinterest/usecase/check_functions.go:57.85,59.3 1 1
github.com/go-park-mail-ru/2019_2_Solar/pinterest/usecase/check_functions.go:63.41,64.97 1 1
github.com/go-park-mail-ru/2019_2_Solar/pinterest/usecase/check_functions.go:67.2,67.40 1 1
github.com/go-park-mail-ru/2019_2_Solar/pinterest/usecase/check_functions.go:64.97,66.3 1 1
github.com/go-park-mail-ru/2019_2_Solar/pinterest/usecase/check_functions.go:70.33,71.46 1 1
github.com/go-park-mail-ru/2019_2_Solar/pinterest/usecase/check_functions.go:74.2,74.36 1 1
github.com/go-park-mail-ru/2019_2_Solar/pinterest/usecase/check_functions.go:71.46,73.3 1 1
github.com/go-park-mail-ru/2019_2_Solar/pinterest/usecase/check_functions.go:77.39,78.94 1 1
github.com/go-park-mail-ru/2019_2_Solar/pinterest/usecase/check_functions.go:81.2,81.39 1 1
github.com/go-park-mail-ru/2019_2_Solar/pinterest/usecase/check_functions.go:78.94,80.3 1 1
github.com/go-park-mail-ru/2019_2_Solar/pinterest/usecase/check_functions.go:84.42,85.46 1 1
github.com/go-park-mail-ru/2019_2_Solar/pinterest/usecase/check_functions.go:88.2,88.38 1 1
github.com/go-park-mail-ru/2019_2_Solar/pinterest/usecase/check_functions.go:85.46,87.3 1 1
github.com/go-park-mail-ru/2019_2_Solar/pinterest/usecase/check_functions.go:91.54,92.58 1 1
github.com/go-park-mail-ru/2019_2_Solar/pinterest/usecase/check_functions.go:95.2,95.44 1 1
github.com/go-park-mail-ru/2019_2_Solar/pinterest/usecase/check_functions.go:92.58,94.3 1 1
github.com/go-park-mail-ru/2019_2_Solar/pinterest/usecase/check_functions.go:98.40,99.44 1 0
github.com/go-park-mail-ru/2019_2_Solar/pinterest/usecase/check_functions.go:102.2,102.38 1 0
github.com/go-park-mail-ru/2019_2_Solar/pinterest/usecase/check_functions.go:99.44,101.3 1 0
github.com/go-park-mail-ru/2019_2_Solar/pinterest/usecase/check_functions.go:105.52,106.56 1 0
github.com/go-park-mail-ru/2019_2_Solar/pinterest/usecase/check_functions.go:109.2,109.44 1 0
github.com/go-park-mail-ru/2019_2_Solar/pinterest/usecase/check_functions.go:106.56,108.3 1 0
github.com/go-park-mail-ru/2019_2_Solar/pinterest/usecase/check_functions.go:112.65,116.16 4 1
github.com/go-park-mail-ru/2019_2_Solar/pinterest/usecase/check_functions.go:119.2,119.26 1 1
github.com/go-park-mail-ru/2019_2_Solar/pinterest/usecase/check_functions.go:122.2,122.12 1 1
github.com/go-park-mail-ru/2019_2_Solar/pinterest/usecase/check_functions.go:116.16,118.3 1 0
github.com/go-park-mail-ru/2019_2_Solar/pinterest/usecase/check_functions.go:119.26,121.3 1 1
github.com/go-park-mail-ru/2019_2_Solar/pinterest/usecase/check_functions.go:125.83,130.16 5 1
github.com/go-park-mail-ru/2019_2_Solar/pinterest/usecase/check_functions.go:133.2,133.33 1 1
github.com/go-park-mail-ru/2019_2_Solar/pinterest/usecase/check_functions.go:141.2,141.12 1 1
github.com/go-park-mail-ru/2019_2_Solar/pinterest/usecase/check_functions.go:130.16,132.3 1 0
github.com/go-park-mail-ru/2019_2_Solar/pinterest/usecase/check_functions.go:133.33,134.32 1 1
github.com/go-park-mail-ru/2019_2_Solar/pinterest/usecase/check_functions.go:137.3,137.26 1 1
github.com/go-park-mail-ru/2019_2_Solar/pinterest/usecase/check_functions.go:134.32,136.4 1 1
github.com/go-park-mail-ru/2019_2_Solar/pinterest/usecase/check_functions.go:137.26,139.4 1 1
github.com/go-park-mail-ru/2019_2_Solar/pinterest/usecase/check_functions.go:144.70,145.56 1 1
github.com/go-park-mail-ru/2019_2_Solar/pinterest/usecase/check_functions.go:148.2,148.68 1 1
github.com/go-park-mail-ru/2019_2_Solar/pinterest/usecase/check_functions.go:151.2,151.66 1 1
github.com/go-park-mail-ru/2019_2_Solar/pinterest/usecase/check_functions.go:154.2,154.12 1 1
github.com/go-park-mail-ru/2019_2_Solar/pinterest/usecase/check_functions.go:145.56,147.3 1 1
github.com/go-park-mail-ru/2019_2_Solar/pinterest/usecase/check_functions.go:148.68,150.3 1 1
github.com/go-park-mail-ru/2019_2_Solar/pinterest/usecase/check_functions.go:151.66,153.3 1 1
github.com/go-park-mail-ru/2019_2_Solar/pinterest/usecase/check_functions.go:157.64,158.52 1 0
github.com/go-park-mail-ru/2019_2_Solar/pinterest/usecase/check_functions.go:161.2,161.64 1 0
github.com/go-park-mail-ru/2019_2_Solar/pinterest/usecase/check_functions.go:164.2,164.12 1 0
github.com/go-park-mail-ru/2019_2_Solar/pinterest/usecase/check_functions.go:158.52,160.3 1 0
github.com/go-park-mail-ru/2019_2_Solar/pinterest/usecase/check_functions.go:161.64,163.3 1 0
github.com/go-park-mail-ru/2019_2_Solar/pinterest/usecase/check_functions.go:167.86,168.32 1 1
github.com/go-park-mail-ru/2019_2_Solar/pinterest/usecase/check_functions.go:173.2,173.35 1 1
github.com/go-park-mail-ru/2019_2_Solar/pinterest/usecase/check_functions.go:178.2,178.35 1 1
github.com/go-park-mail-ru/2019_2_Solar/pinterest/usecase/check_functions.go:183.2,183.31 1 1
github.com/go-park-mail-ru/2019_2_Solar/pinterest/usecase/check_functions.go:188.2,188.34 1 1
github.com/go-park-mail-ru/2019_2_Solar/pinterest/usecase/check_functions.go:193.2,193.33 1 1
github.com/go-park-mail-ru/2019_2_Solar/pinterest/usecase/check_functions.go:198.2,198.30 1 1
github.com/go-park-mail-ru/2019_2_Solar/pinterest/usecase/check_functions.go:203.2,203.12 1 1
github.com/go-park-mail-ru/2019_2_Solar/pinterest/usecase/check_functions.go:168.32,169.58 1 1
github.com/go-park-mail-ru/2019_2_Solar/pinterest/usecase/check_functions.go:169.58,171.4 1 1
github.com/go-park-mail-ru/2019_2_Solar/pinterest/usecase/check_functions.go:173.35,174.64 1 1
github.com/go-park-mail-ru/2019_2_Solar/pinterest/usecase/check_functions.go:174.64,176.4 1 1
github.com/go-park-mail-ru/2019_2_Solar/pinterest/usecase/check_functions.go:178.35,179.64 1 1
github.com/go-park-mail-ru/2019_2_Solar/pinterest/usecase/check_functions.go:179.64,181.4 1 1
github.com/go-park-mail-ru/2019_2_Solar/pinterest/usecase/check_functions.go:183.31,184.56 1 1
github.com/go-park-mail-ru/2019_2_Solar/pinterest/usecase/check_functions.go:184.56,186.4 1 1
github.com/go-park-mail-ru/2019_2_Solar/pinterest/usecase/check_functions.go:188.34,189.62 1 1
github.com/go-park-mail-ru/2019_2_Solar/pinterest/usecase/check_functions.go:189.62,191.4 1 1
github.com/go-park-mail-ru/2019_2_Solar/pinterest/usecase/check_functions.go:193.33,194.60 1 1
github.com/go-park-mail-ru/2019_2_Solar/pinterest/usecase/check_functions.go:194.60,196.4 1 1
github.com/go-park-mail-ru/2019_2_Solar/pinterest/usecase/check_functions.go:198.30,199.54 1 1
github.com/go-park-mail-ru/2019_2_Solar/pinterest/usecase/check_functions.go:199.54,201.4 1 1
github.com/go-park-mail-ru/2019_2_Solar/pinterest/usecase/check_functions.go:206.118,207.50 1 1
github.com/go-park-mail-ru/2019_2_Solar/pinterest/usecase/check_functions.go:210.2,214.16 5 1
github.com/go-park-mail-ru/2019_2_Solar/pinterest/usecase/check_functions.go:217.2,217.33 1 1
github.com/go-park-mail-ru/2019_2_Solar/pinterest/usecase/check_functions.go:228.2,228.12 1 1
github.com/go-park-mail-ru/2019_2_Solar/pinterest/usecase/check_functions.go:207.50,209.3 1 0
github.com/go-park-mail-ru/2019_2_Solar/pinterest/usecase/check_functions.go:214.16,216.3 1 0
github.com/go-park-mail-ru/2019_2_Solar/pinterest/usecase/check_functions.go:217.33,218.24 1 1
github.com/go-park-mail-ru/2019_2_Solar/pinterest/usecase/check_functions.go:221.3,221.35 1 1
github.com/go-park-mail-ru/2019_2_Solar/pinterest/usecase/check_functions.go:224.3,224.29 1 1
github.com/go-park-mail-ru/2019_2_Solar/pinterest/usecase/check_functions.go:218.24,219.12 1 0
github.com/go-park-mail-ru/2019_2_Solar/pinterest/usecase/check_functions.go:221.35,223.4 1 1
github.com/go-park-mail-ru/2019_2_Solar/pinterest/usecase/check_functions.go:224.29,226.4 1 1
github.com/go-park-mail-ru/2019_2_Solar/pinterest/usecase/check_functions.go:231.83,232.70 1 1
github.com/go-park-mail-ru/2019_2_Solar/pinterest/usecase/check_functions.go:235.2,235.42 1 1
github.com/go-park-mail-ru/2019_2_Solar/pinterest/usecase/check_functions.go:232.70,234.3 1 1
github.com/go-park-mail-ru/2019_2_Solar/pinterest/usecase/create_fuctions.go:24.55,30.2 5 1
github.com/go-park-mail-ru/2019_2_Solar/pinterest/usecase/create_fuctions.go:32.76,34.16 2 1
github.com/go-park-mail-ru/2019_2_Solar/pinterest/usecase/create_fuctions.go:37.2,43.16 7 1
github.com/go-park-mail-ru/2019_2_Solar/pinterest/usecase/create_fuctions.go:46.2,46.31 1 1
github.com/go-park-mail-ru/2019_2_Solar/pinterest/usecase/create_fuctions.go:34.16,36.3 1 0
github.com/go-park-mail-ru/2019_2_Solar/pinterest/usecase/create_fuctions.go:43.16,45.3 1 0
github.com/go-park-mail-ru/2019_2_Solar/pinterest/usecase/create_fuctions.go:49.48,52.59 3 1
github.com/go-park-mail-ru/2019_2_Solar/pinterest/usecase/create_fuctions.go:66.2,66.28 1 1
github.com/go-park-mail-ru/2019_2_Solar/pinterest/usecase/create_fuctions.go:52.59,53.24 1 1
github.com/go-park-mail-ru/2019_2_Solar/pinterest/usecase/create_fuctions.go:60.3,60.94 1 1
github.com/go-park-mail-ru/2019_2_Solar/pinterest/usecase/create_fuctions.go:53.24,56.18 3 1
github.com/go-park-mail-ru/2019_2_Solar/pinterest/usecase/create_fuctions.go:56.18,58.5 1 0
github.com/go-park-mail-ru/2019_2_Solar/pinterest/usecase/create_fuctions.go:60.94,63.4 2 1
github.com/go-park-mail-ru/2019_2_Solar/pinterest/usecase/create_fuctions.go:70.52,73.16 3 1
github.com/go-park-mail-ru/2019_2_Solar/pinterest/usecase/create_fuctions.go:76.2,76.25 1 1
github.com/go-park-mail-ru/2019_2_Solar/pinterest/usecase/create_fuctions.go:73.16,75.3 1 0
github.com/go-park-mail-ru/2019_2_Solar/pinterest/usecase/create_fuctions.go:79.84,81.16 2 1
github.com/go-park-mail-ru/2019_2_Solar/pinterest/usecase/create_fuctions.go:84.2,86.16 3 1
github.com/go-park-mail-ru/2019_2_Solar/pinterest/usecase/create_fuctions.go:89.2,89.20 1 1
github.com/go-park-mail-ru/2019_2_Solar/pinterest/usecase/create_fuctions.go:81.16,83.3 1 0
github.com/go-park-mail-ru/2019_2_Solar/pinterest/usecase/create_fuctions.go:86.16,88.3 1 0
github.com/go-park-mail-ru/2019_2_Solar/pinterest/usecase/create_fuctions.go:92.94,93.28 1 1
github.com/go-park-mail-ru/2019_2_Solar/pinterest/usecase/create_fuctions.go:96.2,96.24 1 1
github.com/go-park-mail-ru/2019_2_Solar/pinterest/usecase/create_fuctions.go:99.2,99.27 1 1
github.com/go-park-mail-ru/2019_2_Solar/pinterest/usecase/create_fuctions.go:102.2,102.28 1 1
github.com/go-park-mail-ru/2019_2_Solar/pinterest/usecase/create_fuctions.go:105.2,105.28 1 1
github.com/go-park-mail-ru/2019_2_Solar/pinterest/usecase/create_fuctions.go:108.2,108.25 1 1
github.com/go-park-mail-ru/2019_2_Solar/pinterest/usecase/create_fuctions.go:111.2,111.23 1 1
github.com/go-park-mail-ru/2019_2_Solar/pinterest/usecase/create_fuctions.go:118.2,118.26 1 1
github.com/go-park-mail-ru/2019_2_Solar/pinterest/usecase/create_fuctions.go:121.2,122.16 2 1
github.com/go-park-mail-ru/2019_2_Solar/pinterest/usecase/create_fuctions.go:125.2,125.23 1 1
github.com/go-park-mail-ru/2019_2_Solar/pinterest/usecase/create_fuctions.go:93.28,95.3 1 1
github.com/go-park-mail-ru/2019_2_Solar/pinterest/usecase/create_fuctions.go:96.24,98.3 1 1
github.com/go-park-mail-ru/2019_2_Solar/pinterest/usecase/create_fuctions.go:99.27,101.3 1 1
github.com/go-park-mail-ru/2019_2_Solar/pinterest/usecase/create_fuctions.go:102.28,104.3 1 1
github.com/go-park-mail-ru/2019_2_Solar/pinterest/usecase/create_fuctions.go:105.28,107.3 1 1
github.com/go-park-mail-ru/2019_2_Solar/pinterest/usecase/create_fuctions.go:108.25,110.3 1 1
github.com/go-park-mail-ru/2019_2_Solar/pinterest/usecase/create_fuctions.go:111.23,113.17 2 1
github.com/go-park-mail-ru/2019_2_Solar/pinterest/usecase/create_fuctions.go:116.3,116.23 1 1
github.com/go-park-mail-ru/2019_2_Solar/pinterest/usecase/create_fuctions.go:113.17,115.4 1 0
github.com/go-park-mail-ru/2019_2_Solar/pinterest/usecase/create_fuctions.go:118.26,120.3 1 1
github.com/go-park-mail-ru/2019_2_Solar/pinterest/usecase/create_fuctions.go:122.16,124.3 1 0
github.com/go-park-mail-ru/2019_2_Solar/pinterest/usecase/create_fuctions.go:128.85,130.16 2 0
github.com/go-park-mail-ru/2019_2_Solar/pinterest/usecase/create_fuctions.go:133.2,133.23 1 0
github.com/go-park-mail-ru/2019_2_Solar/pinterest/usecase/create_fuctions.go:130.16,132.3 1 0
github.com/go-park-mail-ru/2019_2_Solar/pinterest/usecase/create_fuctions.go:136.80,138.53 2 0
github.com/go-park-mail-ru/2019_2_Solar/pinterest/usecase/create_fuctions.go:141.2,143.22 3 0
github.com/go-park-mail-ru/2019_2_Solar/pinterest/usecase/create_fuctions.go:138.53,140.3 1 0
github.com/go-park-mail-ru/2019_2_Solar/pinterest/usecase/create_fuctions.go:146.51,147.50 1 0
github.com/go-park-mail-ru/2019_2_Solar/pinterest/usecase/create_fuctions.go:150.2,150.12 1 0
github.com/go-park-mail-ru/2019_2_Solar/pinterest/usecase/create_fuctions.go:147.50,149.3 1 0
github.com/go-park-mail-ru/2019_2_Solar/pinterest/usecase/create_fuctions.go:152.87,154.16 2 0
github.com/go-park-mail-ru/2019_2_Solar/pinterest/usecase/create_fuctions.go:157.2,157.15 1 0
github.com/go-park-mail-ru/2019_2_Solar/pinterest/usecase/create_fuctions.go:162.2,162.53 1 0
github.com/go-park-mail-ru/2019_2_Solar/pinterest/usecase/create_fuctions.go:165.2,165.12 1 0
github.com/go-park-mail-ru/2019_2_Solar/pinterest/usecase/create_fuctions.go:154.16,156.3 1 0
github.com/go-park-mail-ru/2019_2_Solar/pinterest/usecase/create_fuctions.go:157.15,158.41 1 0
github.com/go-park-mail-ru/2019_2_Solar/pinterest/usecase/create_fuctions.go:158.41,160.4 1 0
github.com/go-park-mail-ru/2019_2_Solar/pinterest/usecase/create_fuctions.go:162.53,164.3 1 0
github.com/go-park-mail-ru/2019_2_Solar/pinterest/usecase/create_fuctions.go:168.68,177.16 2 1
github.com/go-park-mail-ru/2019_2_Solar/pinterest/usecase/create_fuctions.go:180.2,180.20 1 1
github.com/go-park-mail-ru/2019_2_Solar/pinterest/usecase/create_fuctions.go:177.16,179.3 1 0
github.com/go-park-mail-ru/2019_2_Solar/pinterest/usecase/create_fuctions.go:183.62,187.16 4 1
github.com/go-park-mail-ru/2019_2_Solar/pinterest/usecase/create_fuctions.go:190.2,190.20 1 1
github.com/go-park-mail-ru/2019_2_Solar/pinterest/usecase/create_fuctions.go:187.16,189.3 1 0
github.com/go-park-mail-ru/2019_2_Solar/pinterest/usecase/create_fuctions.go:193.71,195.16 2 1
github.com/go-park-mail-ru/2019_2_Solar/pinterest/usecase/create_fuctions.go:198.2,198.20 1 1
github.com/go-park-mail-ru/2019_2_Solar/pinterest/usecase/create_fuctions.go:195.16,197.3 1 0
github.com/go-park-mail-ru/2019_2_Solar/pinterest/usecase/create_fuctions.go:201.92,203.16 2 1
github.com/go-park-mail-ru/2019_2_Solar/pinterest/usecase/create_fuctions.go:206.2,206.12 1 1
github.com/go-park-mail-ru/2019_2_Solar/pinterest/usecase/create_fuctions.go:203.16,205.3 1 0
github.com/go-park-mail-ru/2019_2_Solar/pinterest/usecase/create_fuctions.go:209.78,213.16 4 0
github.com/go-park-mail-ru/2019_2_Solar/pinterest/usecase/create_fuctions.go:216.2,216.12 1 0
github.com/go-park-mail-ru/2019_2_Solar/pinterest/usecase/create_fuctions.go:213.16,215.3 1 0
github.com/go-park-mail-ru/2019_2_Solar/pinterest/usecase/create_fuctions.go:219.71,221.33 2 0
github.com/go-park-mail-ru/2019_2_Solar/pinterest/usecase/create_fuctions.go:225.2,226.16 2 0
github.com/go-park-mail-ru/2019_2_Solar/pinterest/usecase/create_fuctions.go:230.2,231.28 2 0
github.com/go-park-mail-ru/2019_2_Solar/pinterest/usecase/create_fuctions.go:245.2,245.28 1 0
github.com/go-park-mail-ru/2019_2_Solar/pinterest/usecase/create_fuctions.go:251.2,251.12 1 0
github.com/go-park-mail-ru/2019_2_Solar/pinterest/usecase/create_fuctions.go:221.33,224.3 1 0
github.com/go-park-mail-ru/2019_2_Solar/pinterest/usecase/create_fuctions.go:226.16,228.3 1 0
github.com/go-park-mail-ru/2019_2_Solar/pinterest/usecase/create_fuctions.go:231.28,232.40 1 0
github.com/go-park-mail-ru/2019_2_Solar/pinterest/usecase/create_fuctions.go:237.3,237.31 1 0
github.com/go-park-mail-ru/2019_2_Solar/pinterest/usecase/create_fuctions.go:242.3,242.27 1 0
github.com/go-park-mail-ru/2019_2_Solar/pinterest/usecase/create_fuctions.go:232.40,233.24 1 0
github.com/go-park-mail-ru/2019_2_Solar/pinterest/usecase/create_fuctions.go:233.24,235.5 1 0
github.com/go-park-mail-ru/2019_2_Solar/pinterest/usecase/create_fuctions.go:237.31,238.57 1 0
github.com/go-park-mail-ru/2019_2_Solar/pinterest/usecase/create_fuctions.go:238.57,240.5 1 0
github.com/go-park-mail-ru/2019_2_Solar/pinterest/usecase/create_fuctions.go:245.28,246.69 1 0
github.com/go-park-mail-ru/2019_2_Solar/pinterest/usecase/create_fuctions.go:246.69,248.4 1 0
