mode: set
github.com/go-park-mail-ru/2019_2_Solar/pinterest/usecase/read_functions.go:9.70,11.16 2 0
github.com/go-park-mail-ru/2019_2_Solar/pinterest/usecase/read_functions.go:14.2,14.25 1 0
github.com/go-park-mail-ru/2019_2_Solar/pinterest/usecase/read_functions.go:17.2,17.29 1 0
github.com/go-park-mail-ru/2019_2_Solar/pinterest/usecase/read_functions.go:11.16,13.3 1 0
github.com/go-park-mail-ru/2019_2_Solar/pinterest/usecase/read_functions.go:14.25,16.3 1 0
github.com/go-park-mail-ru/2019_2_Solar/pinterest/usecase/read_functions.go:20.86,22.16 2 0
github.com/go-park-mail-ru/2019_2_Solar/pinterest/usecase/read_functions.go:25.2,25.25 1 0
github.com/go-park-mail-ru/2019_2_Solar/pinterest/usecase/read_functions.go:28.2,41.25 3 0
github.com/go-park-mail-ru/2019_2_Solar/pinterest/usecase/read_functions.go:22.16,24.3 1 0
github.com/go-park-mail-ru/2019_2_Solar/pinterest/usecase/read_functions.go:25.25,27.3 1 0
github.com/go-park-mail-ru/2019_2_Solar/pinterest/usecase/read_functions.go:44.73,46.16 2 0
github.com/go-park-mail-ru/2019_2_Solar/pinterest/usecase/read_functions.go:49.2,49.25 1 0
github.com/go-park-mail-ru/2019_2_Solar/pinterest/usecase/read_functions.go:52.2,52.24 1 0
github.com/go-park-mail-ru/2019_2_Solar/pinterest/usecase/read_functions.go:55.2,56.26 2 0
github.com/go-park-mail-ru/2019_2_Solar/pinterest/usecase/read_functions.go:46.16,48.3 1 0
github.com/go-park-mail-ru/2019_2_Solar/pinterest/usecase/read_functions.go:49.25,51.3 1 0
github.com/go-park-mail-ru/2019_2_Solar/pinterest/usecase/read_functions.go:52.24,54.3 1 0
github.com/go-park-mail-ru/2019_2_Solar/pinterest/usecase/read_functions.go:59.67,61.16 2 0
github.com/go-park-mail-ru/2019_2_Solar/pinterest/usecase/read_functions.go:64.2,65.29 2 0
github.com/go-park-mail-ru/2019_2_Solar/pinterest/usecase/read_functions.go:81.2,81.26 1 0
github.com/go-park-mail-ru/2019_2_Solar/pinterest/usecase/read_functions.go:61.16,63.3 1 0
github.com/go-park-mail-ru/2019_2_Solar/pinterest/usecase/read_functions.go:65.29,80.3 3 0
github.com/go-park-mail-ru/2019_2_Solar/pinterest/usecase/read_functions.go:84.68,86.16 2 0
github.com/go-park-mail-ru/2019_2_Solar/pinterest/usecase/read_functions.go:89.2,90.20 2 0
github.com/go-park-mail-ru/2019_2_Solar/pinterest/usecase/read_functions.go:86.16,88.3 1 0
github.com/go-park-mail-ru/2019_2_Solar/pinterest/usecase/read_functions.go:93.70,95.16 2 0
github.com/go-park-mail-ru/2019_2_Solar/pinterest/usecase/read_functions.go:98.2,98.21 1 0
github.com/go-park-mail-ru/2019_2_Solar/pinterest/usecase/read_functions.go:101.2,101.20 1 0
github.com/go-park-mail-ru/2019_2_Solar/pinterest/usecase/read_functions.go:104.2,105.22 2 0
github.com/go-park-mail-ru/2019_2_Solar/pinterest/usecase/read_functions.go:95.16,97.3 1 0
github.com/go-park-mail-ru/2019_2_Solar/pinterest/usecase/read_functions.go:98.21,100.3 1 0
github.com/go-park-mail-ru/2019_2_Solar/pinterest/usecase/read_functions.go:101.20,103.3 1 0
github.com/go-park-mail-ru/2019_2_Solar/pinterest/usecase/read_functions.go:108.74,110.16 2 0
github.com/go-park-mail-ru/2019_2_Solar/pinterest/usecase/read_functions.go:113.2,113.31 1 0
github.com/go-park-mail-ru/2019_2_Solar/pinterest/usecase/read_functions.go:116.2,116.20 1 0
github.com/go-park-mail-ru/2019_2_Solar/pinterest/usecase/read_functions.go:110.16,112.3 1 0
github.com/go-park-mail-ru/2019_2_Solar/pinterest/usecase/read_functions.go:113.31,115.3 1 0
github.com/go-park-mail-ru/2019_2_Solar/pinterest/usecase/read_functions.go:119.83,121.16 2 0
github.com/go-park-mail-ru/2019_2_Solar/pinterest/usecase/read_functions.go:124.2,124.27 1 0
github.com/go-park-mail-ru/2019_2_Solar/pinterest/usecase/read_functions.go:127.2,127.18 1 0
github.com/go-park-mail-ru/2019_2_Solar/pinterest/usecase/read_functions.go:121.16,123.3 1 0
github.com/go-park-mail-ru/2019_2_Solar/pinterest/usecase/read_functions.go:124.27,126.3 1 0
github.com/go-park-mail-ru/2019_2_Solar/pinterest/usecase/read_functions.go:130.82,132.16 2 0
github.com/go-park-mail-ru/2019_2_Solar/pinterest/usecase/read_functions.go:135.2,135.27 1 0
github.com/go-park-mail-ru/2019_2_Solar/pinterest/usecase/read_functions.go:138.2,138.18 1 0
github.com/go-park-mail-ru/2019_2_Solar/pinterest/usecase/read_functions.go:132.16,134.3 1 0
github.com/go-park-mail-ru/2019_2_Solar/pinterest/usecase/read_functions.go:135.27,137.3 1 0
github.com/go-park-mail-ru/2019_2_Solar/pinterest/usecase/read_functions.go:141.65,143.16 2 0
github.com/go-park-mail-ru/2019_2_Solar/pinterest/usecase/read_functions.go:146.2,146.18 1 0
github.com/go-park-mail-ru/2019_2_Solar/pinterest/usecase/read_functions.go:143.16,145.3 1 0
github.com/go-park-mail-ru/2019_2_Solar/pinterest/usecase/read_functions.go:149.77,151.16 2 0
github.com/go-park-mail-ru/2019_2_Solar/pinterest/usecase/read_functions.go:154.2,154.18 1 0
github.com/go-park-mail-ru/2019_2_Solar/pinterest/usecase/read_functions.go:151.16,153.3 1 0
github.com/go-park-mail-ru/2019_2_Solar/pinterest/usecase/read_functions.go:157.84,159.16 2 0
github.com/go-park-mail-ru/2019_2_Solar/pinterest/usecase/read_functions.go:162.2,162.18 1 0
github.com/go-park-mail-ru/2019_2_Solar/pinterest/usecase/read_functions.go:159.16,161.3 1 0
github.com/go-park-mail-ru/2019_2_Solar/pinterest/usecase/read_functions.go:165.82,168.16 2 0
github.com/go-park-mail-ru/2019_2_Solar/pinterest/usecase/read_functions.go:171.2,171.35 1 0
github.com/go-park-mail-ru/2019_2_Solar/pinterest/usecase/read_functions.go:174.2,174.22 1 0
github.com/go-park-mail-ru/2019_2_Solar/pinterest/usecase/read_functions.go:168.16,170.3 1 0
github.com/go-park-mail-ru/2019_2_Solar/pinterest/usecase/read_functions.go:171.35,173.3 1 0
github.com/go-park-mail-ru/2019_2_Solar/pinterest/usecase/read_functions.go:177.76,180.16 2 0
github.com/go-park-mail-ru/2019_2_Solar/pinterest/usecase/read_functions.go:186.2,186.21 1 0
github.com/go-park-mail-ru/2019_2_Solar/pinterest/usecase/read_functions.go:180.16,182.3 1 0
github.com/go-park-mail-ru/2019_2_Solar/pinterest/usecase/read_functions.go:189.94,191.16 2 0
github.com/go-park-mail-ru/2019_2_Solar/pinterest/usecase/read_functions.go:194.2,194.30 1 0
github.com/go-park-mail-ru/2019_2_Solar/pinterest/usecase/read_functions.go:197.2,197.18 1 0
github.com/go-park-mail-ru/2019_2_Solar/pinterest/usecase/read_functions.go:191.16,193.3 1 0
github.com/go-park-mail-ru/2019_2_Solar/pinterest/usecase/read_functions.go:194.30,196.3 1 0
github.com/go-park-mail-ru/2019_2_Solar/pinterest/usecase/read_functions.go:200.81,202.16 2 0
github.com/go-park-mail-ru/2019_2_Solar/pinterest/usecase/read_functions.go:206.2,206.24 1 0
github.com/go-park-mail-ru/2019_2_Solar/pinterest/usecase/read_functions.go:202.16,204.3 1 0
github.com/go-park-mail-ru/2019_2_Solar/pinterest/usecase/read_functions.go:209.103,211.16 2 0
github.com/go-park-mail-ru/2019_2_Solar/pinterest/usecase/read_functions.go:214.2,214.22 1 0
github.com/go-park-mail-ru/2019_2_Solar/pinterest/usecase/read_functions.go:211.16,213.3 1 0
github.com/go-park-mail-ru/2019_2_Solar/pinterest/usecase/read_functions.go:217.85,219.16 2 0
github.com/go-park-mail-ru/2019_2_Solar/pinterest/usecase/read_functions.go:222.2,222.20 1 0
github.com/go-park-mail-ru/2019_2_Solar/pinterest/usecase/read_functions.go:225.2,225.19 1 0
github.com/go-park-mail-ru/2019_2_Solar/pinterest/usecase/read_functions.go:228.2,228.21 1 0
github.com/go-park-mail-ru/2019_2_Solar/pinterest/usecase/read_functions.go:219.16,221.3 1 0
github.com/go-park-mail-ru/2019_2_Solar/pinterest/usecase/read_functions.go:222.20,224.3 1 0
github.com/go-park-mail-ru/2019_2_Solar/pinterest/usecase/read_functions.go:225.19,227.3 1 0
github.com/go-park-mail-ru/2019_2_Solar/pinterest/usecase/read_functions.go:231.96,233.16 2 0
github.com/go-park-mail-ru/2019_2_Solar/pinterest/usecase/read_functions.go:236.2,236.27 1 0
github.com/go-park-mail-ru/2019_2_Solar/pinterest/usecase/read_functions.go:239.2,239.26 1 0
github.com/go-park-mail-ru/2019_2_Solar/pinterest/usecase/read_functions.go:242.2,242.28 1 0
github.com/go-park-mail-ru/2019_2_Solar/pinterest/usecase/read_functions.go:233.16,235.3 1 0
github.com/go-park-mail-ru/2019_2_Solar/pinterest/usecase/read_functions.go:236.27,238.3 1 0
github.com/go-park-mail-ru/2019_2_Solar/pinterest/usecase/read_functions.go:239.26,241.3 1 0
github.com/go-park-mail-ru/2019_2_Solar/pinterest/usecase/read_functions.go:245.97,247.16 2 0
github.com/go-park-mail-ru/2019_2_Solar/pinterest/usecase/read_functions.go:250.2,250.27 1 0
github.com/go-park-mail-ru/2019_2_Solar/pinterest/usecase/read_functions.go:253.2,253.26 1 0
github.com/go-park-mail-ru/2019_2_Solar/pinterest/usecase/read_functions.go:256.2,256.28 1 0
github.com/go-park-mail-ru/2019_2_Solar/pinterest/usecase/read_functions.go:247.16,249.3 1 0
github.com/go-park-mail-ru/2019_2_Solar/pinterest/usecase/read_functions.go:250.27,252.3 1 0
github.com/go-park-mail-ru/2019_2_Solar/pinterest/usecase/read_functions.go:253.26,255.3 1 0
github.com/go-park-mail-ru/2019_2_Solar/pinterest/delivery/board.go:12.74,13.15 1 0
github.com/go-park-mail-ru/2019_2_Solar/pinterest/delivery/board.go:18.2,21.20 4 0
github.com/go-park-mail-ru/2019_2_Solar/pinterest/delivery/board.go:24.2,30.49 4 0
github.com/go-park-mail-ru/2019_2_Solar/pinterest/delivery/board.go:34.2,34.61 1 0
github.com/go-park-mail-ru/2019_2_Solar/pinterest/delivery/board.go:37.2,45.16 3 0
github.com/go-park-mail-ru/2019_2_Solar/pinterest/delivery/board.go:48.2,63.45 4 0
github.com/go-park-mail-ru/2019_2_Solar/pinterest/delivery/board.go:67.2,67.12 1 0
github.com/go-park-mail-ru/2019_2_Solar/pinterest/delivery/board.go:13.15,14.60 1 0
github.com/go-park-mail-ru/2019_2_Solar/pinterest/delivery/board.go:14.60,16.4 1 0
github.com/go-park-mail-ru/2019_2_Solar/pinterest/delivery/board.go:21.20,23.3 1 0
github.com/go-park-mail-ru/2019_2_Solar/pinterest/delivery/board.go:30.49,32.3 1 0
github.com/go-park-mail-ru/2019_2_Solar/pinterest/delivery/board.go:34.61,36.3 1 0
github.com/go-park-mail-ru/2019_2_Solar/pinterest/delivery/board.go:45.16,47.3 1 0
github.com/go-park-mail-ru/2019_2_Solar/pinterest/delivery/board.go:63.45,65.3 1 0
github.com/go-park-mail-ru/2019_2_Solar/pinterest/delivery/board.go:70.71,71.15 1 0
github.com/go-park-mail-ru/2019_2_Solar/pinterest/delivery/board.go:76.2,79.20 4 0
github.com/go-park-mail-ru/2019_2_Solar/pinterest/delivery/board.go:84.2,85.14 2 0
github.com/go-park-mail-ru/2019_2_Solar/pinterest/delivery/board.go:88.2,89.16 2 0
github.com/go-park-mail-ru/2019_2_Solar/pinterest/delivery/board.go:93.2,94.16 2 0
github.com/go-park-mail-ru/2019_2_Solar/pinterest/delivery/board.go:97.2,98.16 2 0
github.com/go-park-mail-ru/2019_2_Solar/pinterest/delivery/board.go:102.2,116.45 2 0
github.com/go-park-mail-ru/2019_2_Solar/pinterest/delivery/board.go:120.2,120.12 1 0
github.com/go-park-mail-ru/2019_2_Solar/pinterest/delivery/board.go:71.15,72.52 1 0
github.com/go-park-mail-ru/2019_2_Solar/pinterest/delivery/board.go:72.52,74.4 1 0
github.com/go-park-mail-ru/2019_2_Solar/pinterest/delivery/board.go:79.20,81.3 1 0
github.com/go-park-mail-ru/2019_2_Solar/pinterest/delivery/board.go:85.14,87.3 1 0
github.com/go-park-mail-ru/2019_2_Solar/pinterest/delivery/board.go:89.16,91.3 1 0
github.com/go-park-mail-ru/2019_2_Solar/pinterest/delivery/board.go:94.16,96.3 1 0
github.com/go-park-mail-ru/2019_2_Solar/pinterest/delivery/board.go:98.16,100.3 1 0
github.com/go-park-mail-ru/2019_2_Solar/pinterest/delivery/board.go:116.45,118.3 1 0
github.com/go-park-mail-ru/2019_2_Solar/pinterest/delivery/board.go:123.74,124.15 1 0
github.com/go-park-mail-ru/2019_2_Solar/pinterest/delivery/board.go:129.2,132.20 4 0
github.com/go-park-mail-ru/2019_2_Solar/pinterest/delivery/board.go:135.2,138.16 3 0
github.com/go-park-mail-ru/2019_2_Solar/pinterest/delivery/board.go:142.2,154.45 2 0
github.com/go-park-mail-ru/2019_2_Solar/pinterest/delivery/board.go:158.2,158.12 1 0
github.com/go-park-mail-ru/2019_2_Solar/pinterest/delivery/board.go:124.15,125.52 1 0
github.com/go-park-mail-ru/2019_2_Solar/pinterest/delivery/board.go:125.52,127.4 1 0
github.com/go-park-mail-ru/2019_2_Solar/pinterest/delivery/board.go:132.20,134.3 1 0
github.com/go-park-mail-ru/2019_2_Solar/pinterest/delivery/board.go:138.16,140.3 1 0
github.com/go-park-mail-ru/2019_2_Solar/pinterest/delivery/board.go:154.45,156.3 1 0
github.com/go-park-mail-ru/2019_2_Solar/pinterest/delivery/board.go:161.76,162.15 1 0
github.com/go-park-mail-ru/2019_2_Solar/pinterest/delivery/board.go:167.2,170.16 3 0
github.com/go-park-mail-ru/2019_2_Solar/pinterest/delivery/board.go:174.2,179.44 3 0
github.com/go-park-mail-ru/2019_2_Solar/pinterest/delivery/board.go:182.2,182.12 1 0
github.com/go-park-mail-ru/2019_2_Solar/pinterest/delivery/board.go:162.15,163.52 1 0
github.com/go-park-mail-ru/2019_2_Solar/pinterest/delivery/board.go:163.52,165.4 1 0
github.com/go-park-mail-ru/2019_2_Solar/pinterest/delivery/board.go:170.16,172.3 1 0
github.com/go-park-mail-ru/2019_2_Solar/pinterest/delivery/board.go:179.44,181.3 1 0
github.com/go-park-mail-ru/2019_2_Solar/pinterest/delivery/chat.go:11.79,13.20 2 0
github.com/go-park-mail-ru/2019_2_Solar/pinterest/delivery/chat.go:16.2,17.16 2 0
github.com/go-park-mail-ru/2019_2_Solar/pinterest/delivery/chat.go:20.2,20.15 1 0
github.com/go-park-mail-ru/2019_2_Solar/pinterest/delivery/chat.go:25.2,33.12 3 0
github.com/go-park-mail-ru/2019_2_Solar/pinterest/delivery/chat.go:13.20,15.3 1 0
github.com/go-park-mail-ru/2019_2_Solar/pinterest/delivery/chat.go:17.16,19.3 1 0
github.com/go-park-mail-ru/2019_2_Solar/pinterest/delivery/chat.go:20.15,21.36 1 0
github.com/go-park-mail-ru/2019_2_Solar/pinterest/delivery/chat.go:21.36,23.4 1 0
github.com/go-park-mail-ru/2019_2_Solar/pinterest/delivery/chat.go:36.74,37.15 1 0
github.com/go-park-mail-ru/2019_2_Solar/pinterest/delivery/chat.go:42.2,45.20 3 0
github.com/go-park-mail-ru/2019_2_Solar/pinterest/delivery/chat.go:48.2,52.16 4 0
github.com/go-park-mail-ru/2019_2_Solar/pinterest/delivery/chat.go:55.2,59.16 4 0
github.com/go-park-mail-ru/2019_2_Solar/pinterest/delivery/chat.go:62.2,64.50 2 0
github.com/go-park-mail-ru/2019_2_Solar/pinterest/delivery/chat.go:68.2,69.16 2 0
github.com/go-park-mail-ru/2019_2_Solar/pinterest/delivery/chat.go:73.2,79.44 3 0
github.com/go-park-mail-ru/2019_2_Solar/pinterest/delivery/chat.go:82.2,82.12 1 0
github.com/go-park-mail-ru/2019_2_Solar/pinterest/delivery/chat.go:37.15,38.52 1 0
github.com/go-park-mail-ru/2019_2_Solar/pinterest/delivery/chat.go:38.52,40.4 1 0
github.com/go-park-mail-ru/2019_2_Solar/pinterest/delivery/chat.go:45.20,47.3 1 0
github.com/go-park-mail-ru/2019_2_Solar/pinterest/delivery/chat.go:52.16,54.3 1 0
github.com/go-park-mail-ru/2019_2_Solar/pinterest/delivery/chat.go:59.16,61.3 1 0
github.com/go-park-mail-ru/2019_2_Solar/pinterest/delivery/chat.go:64.50,66.3 1 0
github.com/go-park-mail-ru/2019_2_Solar/pinterest/delivery/chat.go:69.16,71.3 1 0
github.com/go-park-mail-ru/2019_2_Solar/pinterest/delivery/chat.go:79.44,81.3 1 0
github.com/go-park-mail-ru/2019_2_Solar/pinterest/delivery/handlers_functions.go:13.108,87.2 43 0
github.com/go-park-mail-ru/2019_2_Solar/pinterest/sanitizer/sanitizer_functions.go:8.40,10.2 1 0
github.com/go-park-mail-ru/2019_2_Solar/pinterest/sanitizer/sanitizer_functions.go:12.54,18.2 5 0
github.com/go-park-mail-ru/2019_2_Solar/pinterest/sanitizer/sanitizer_functions.go:20.51,23.2 2 0
github.com/go-park-mail-ru/2019_2_Solar/pinterest/sanitizer/sanitizer_functions.go:25.81,27.2 1 0
github.com/go-park-mail-ru/2019_2_Solar/pinterest/sanitizer/sanitizer_functions.go:29.70,32.2 2 0
github.com/go-park-mail-ru/2019_2_Solar/pinterest/sanitizer/sanitizer_functions.go:34.57,38.2 3 0
github.com/go-park-mail-ru/2019_2_Solar/pinterest/sanitizer/sanitizer_functions.go:40.65,42.2 1 0
github.com/go-park-mail-ru/2019_2_Solar/pinterest/sanitizer/sanitizer_functions.go:44.59,49.2 4 0
github.com/go-park-mail-ru/2019_2_Solar/pinterest/web_socket/client.go:34.42,36.3 1 0
github.com/go-park-mail-ru/2019_2_Solar/pinterest/web_socket/client.go:57.66,58.15 1 0
github.com/go-park-mail-ru/2019_2_Solar/pinterest/web_socket/client.go:62.2,64.16 3 0
github.com/go-park-mail-ru/2019_2_Solar/pinterest/web_socket/client.go:67.2,67.43 1 0
github.com/go-park-mail-ru/2019_2_Solar/pinterest/web_socket/client.go:68.2,68.6 1 0
github.com/go-park-mail-ru/2019_2_Solar/pinterest/web_socket/client.go:58.15,61.3 2 0
github.com/go-park-mail-ru/2019_2_Solar/pinterest/web_socket/client.go:64.16,66.3 1 0
github.com/go-park-mail-ru/2019_2_Solar/pinterest/web_socket/client.go:67.43,67.107 2 0
github.com/go-park-mail-ru/2019_2_Solar/pinterest/web_socket/client.go:68.6,70.17 2 0
github.com/go-park-mail-ru/2019_2_Solar/pinterest/web_socket/client.go:78.3,80.17 3 0
github.com/go-park-mail-ru/2019_2_Solar/pinterest/web_socket/client.go:86.3,88.30 3 0
github.com/go-park-mail-ru/2019_2_Solar/pinterest/web_socket/client.go:94.3,105.37 5 0
github.com/go-park-mail-ru/2019_2_Solar/pinterest/web_socket/client.go:70.17,72.103 2 0
github.com/go-park-mail-ru/2019_2_Solar/pinterest/web_socket/client.go:76.4,76.9 1 0
github.com/go-park-mail-ru/2019_2_Solar/pinterest/web_socket/client.go:72.103,75.5 2 0
github.com/go-park-mail-ru/2019_2_Solar/pinterest/web_socket/client.go:80.17,82.9 2 0
github.com/go-park-mail-ru/2019_2_Solar/pinterest/web_socket/client.go:88.30,91.9 3 0
github.com/go-park-mail-ru/2019_2_Solar/pinterest/web_socket/client.go:105.37,106.49 1 0
github.com/go-park-mail-ru/2019_2_Solar/pinterest/web_socket/client.go:106.49,108.5 1 0
github.com/go-park-mail-ru/2019_2_Solar/pinterest/web_socket/client.go:119.30,121.15 2 0
github.com/go-park-mail-ru/2019_2_Solar/pinterest/web_socket/client.go:125.2,125.6 1 0
github.com/go-park-mail-ru/2019_2_Solar/pinterest/web_socket/client.go:121.15,124.3 2 0
github.com/go-park-mail-ru/2019_2_Solar/pinterest/web_socket/client.go:125.6,126.10 1 0
github.com/go-park-mail-ru/2019_2_Solar/pinterest/web_socket/client.go:127.32,129.11 2 0
github.com/go-park-mail-ru/2019_2_Solar/pinterest/web_socket/client.go:134.4,134.29 1 0
github.com/go-park-mail-ru/2019_2_Solar/pinterest/web_socket/client.go:135.19,137.74 2 0
github.com/go-park-mail-ru/2019_2_Solar/pinterest/web_socket/client.go:129.11,133.5 2 0
github.com/go-park-mail-ru/2019_2_Solar/pinterest/web_socket/client.go:137.74,139.5 1 0
github.com/go-park-mail-ru/2019_2_Solar/pinterest/delivery/search.go:9.76,11.15 2 0
github.com/go-park-mail-ru/2019_2_Solar/pinterest/delivery/search.go:16.2,19.20 3 0
github.com/go-park-mail-ru/2019_2_Solar/pinterest/delivery/search.go:23.2,26.16 3 0
github.com/go-park-mail-ru/2019_2_Solar/pinterest/delivery/search.go:29.2,34.44 3 0
github.com/go-park-mail-ru/2019_2_Solar/pinterest/delivery/search.go:37.2,37.12 1 0
github.com/go-park-mail-ru/2019_2_Solar/pinterest/delivery/search.go:11.15,12.60 1 0
github.com/go-park-mail-ru/2019_2_Solar/pinterest/delivery/search.go:12.60,14.4 1 0
github.com/go-park-mail-ru/2019_2_Solar/pinterest/delivery/search.go:19.20,21.3 1 0
github.com/go-park-mail-ru/2019_2_Solar/pinterest/delivery/search.go:26.16,28.3 1 0
github.com/go-park-mail-ru/2019_2_Solar/pinterest/delivery/search.go:34.44,36.3 1 0
github.com/go-park-mail-ru/2019_2_Solar/pinterest/delivery/search.go:40.82,42.15 2 0
github.com/go-park-mail-ru/2019_2_Solar/pinterest/delivery/search.go:47.2,50.20 3 0
github.com/go-park-mail-ru/2019_2_Solar/pinterest/delivery/search.go:54.2,57.16 3 0
github.com/go-park-mail-ru/2019_2_Solar/pinterest/delivery/search.go:63.2,68.44 3 0
github.com/go-park-mail-ru/2019_2_Solar/pinterest/delivery/search.go:71.2,71.12 1 0
github.com/go-park-mail-ru/2019_2_Solar/pinterest/delivery/search.go:42.15,43.60 1 0
github.com/go-park-mail-ru/2019_2_Solar/pinterest/delivery/search.go:43.60,45.4 1 0
github.com/go-park-mail-ru/2019_2_Solar/pinterest/delivery/search.go:50.20,52.3 1 0
github.com/go-park-mail-ru/2019_2_Solar/pinterest/delivery/search.go:57.16,59.3 1 0
github.com/go-park-mail-ru/2019_2_Solar/pinterest/delivery/search.go:68.44,70.3 1 0
github.com/go-park-mail-ru/2019_2_Solar/pinterest/delivery/users.go:9.80,10.15 1 0
github.com/go-park-mail-ru/2019_2_Solar/pinterest/delivery/users.go:15.2,16.20 2 0
github.com/go-park-mail-ru/2019_2_Solar/pinterest/delivery/users.go:19.2,21.20 3 0
github.com/go-park-mail-ru/2019_2_Solar/pinterest/delivery/users.go:29.2,32.16 3 0
github.com/go-park-mail-ru/2019_2_Solar/pinterest/delivery/users.go:35.2,38.16 3 0
github.com/go-park-mail-ru/2019_2_Solar/pinterest/delivery/users.go:50.2,56.44 3 0
github.com/go-park-mail-ru/2019_2_Solar/pinterest/delivery/users.go:59.2,59.12 1 0
github.com/go-park-mail-ru/2019_2_Solar/pinterest/delivery/users.go:10.15,11.60 1 0
github.com/go-park-mail-ru/2019_2_Solar/pinterest/delivery/users.go:11.60,13.4 1 0
github.com/go-park-mail-ru/2019_2_Solar/pinterest/delivery/users.go:16.20,18.3 1 0
github.com/go-park-mail-ru/2019_2_Solar/pinterest/delivery/users.go:21.20,25.17 4 0
github.com/go-park-mail-ru/2019_2_Solar/pinterest/delivery/users.go:25.17,27.4 1 0
github.com/go-park-mail-ru/2019_2_Solar/pinterest/delivery/users.go:32.16,34.3 1 0
github.com/go-park-mail-ru/2019_2_Solar/pinterest/delivery/users.go:38.16,40.3 1 0
github.com/go-park-mail-ru/2019_2_Solar/pinterest/delivery/users.go:56.44,58.3 1 0
github.com/go-park-mail-ru/2019_2_Solar/pinterest/delivery/users.go:62.78,63.15 1 0
github.com/go-park-mail-ru/2019_2_Solar/pinterest/delivery/users.go:68.2,70.20 3 0
github.com/go-park-mail-ru/2019_2_Solar/pinterest/delivery/users.go:73.2,75.71 3 0
github.com/go-park-mail-ru/2019_2_Solar/pinterest/delivery/users.go:78.2,82.44 3 0
github.com/go-park-mail-ru/2019_2_Solar/pinterest/delivery/users.go:85.2,85.12 1 0
github.com/go-park-mail-ru/2019_2_Solar/pinterest/delivery/users.go:63.15,64.60 1 0
github.com/go-park-mail-ru/2019_2_Solar/pinterest/delivery/users.go:64.60,66.4 1 0
github.com/go-park-mail-ru/2019_2_Solar/pinterest/delivery/users.go:70.20,72.3 1 0
github.com/go-park-mail-ru/2019_2_Solar/pinterest/delivery/users.go:75.71,77.3 1 0
github.com/go-park-mail-ru/2019_2_Solar/pinterest/delivery/users.go:82.44,84.3 1 0
github.com/go-park-mail-ru/2019_2_Solar/pinterest/delivery/users.go:88.78,89.15 1 0
github.com/go-park-mail-ru/2019_2_Solar/pinterest/delivery/users.go:94.2,96.20 3 0
github.com/go-park-mail-ru/2019_2_Solar/pinterest/delivery/users.go:99.2,101.74 3 0
github.com/go-park-mail-ru/2019_2_Solar/pinterest/delivery/users.go:104.2,108.44 3 0
github.com/go-park-mail-ru/2019_2_Solar/pinterest/delivery/users.go:111.2,111.12 1 0
github.com/go-park-mail-ru/2019_2_Solar/pinterest/delivery/users.go:89.15,90.60 1 0
github.com/go-park-mail-ru/2019_2_Solar/pinterest/delivery/users.go:90.60,92.4 1 0
github.com/go-park-mail-ru/2019_2_Solar/pinterest/delivery/users.go:96.20,98.3 1 0
github.com/go-park-mail-ru/2019_2_Solar/pinterest/delivery/users.go:101.74,103.3 1 0
github.com/go-park-mail-ru/2019_2_Solar/pinterest/delivery/users.go:108.44,110.3 1 0
github.com/go-park-mail-ru/2019_2_Solar/pinterest/usecase/check_functions.go:10.77,11.50 1 0
github.com/go-park-mail-ru/2019_2_Solar/pinterest/usecase/check_functions.go:14.2,14.56 1 0
github.com/go-park-mail-ru/2019_2_Solar/pinterest/usecase/check_functions.go:17.2,17.56 1 0
github.com/go-park-mail-ru/2019_2_Solar/pinterest/usecase/check_functions.go:20.2,20.12 1 0
github.com/go-park-mail-ru/2019_2_Solar/pinterest/usecase/check_functions.go:11.50,13.3 1 0
github.com/go-park-mail-ru/2019_2_Solar/pinterest/usecase/check_functions.go:14.56,16.3 1 0
github.com/go-park-mail-ru/2019_2_Solar/pinterest/usecase/check_functions.go:17.56,19.3 1 0
github.com/go-park-mail-ru/2019_2_Solar/pinterest/usecase/check_functions.go:23.43,24.101 1 0
github.com/go-park-mail-ru/2019_2_Solar/pinterest/usecase/check_functions.go:27.2,27.41 1 0
github.com/go-park-mail-ru/2019_2_Solar/pinterest/usecase/check_functions.go:24.101,26.3 1 0
github.com/go-park-mail-ru/2019_2_Solar/pinterest/usecase/check_functions.go:30.37,31.50 1 0
github.com/go-park-mail-ru/2019_2_Solar/pinterest/usecase/check_functions.go:34.2,34.38 1 0
github.com/go-park-mail-ru/2019_2_Solar/pinterest/usecase/check_functions.go:31.50,33.3 1 0
github.com/go-park-mail-ru/2019_2_Solar/pinterest/usecase/check_functions.go:37.43,38.23 1 0
github.com/go-park-mail-ru/2019_2_Solar/pinterest/usecase/check_functions.go:41.2,41.24 1 0
github.com/go-park-mail-ru/2019_2_Solar/pinterest/usecase/check_functions.go:44.2,44.55 1 0
github.com/go-park-mail-ru/2019_2_Solar/pinterest/usecase/check_functions.go:47.2,47.57 1 0
github.com/go-park-mail-ru/2019_2_Solar/pinterest/usecase/check_functions.go:50.2,50.57 1 0
github.com/go-park-mail-ru/2019_2_Solar/pinterest/usecase/check_functions.go:53.2,53.12 1 0
github.com/go-park-mail-ru/2019_2_Solar/pinterest/usecase/check_functions.go:38.23,40.3 1 0
github.com/go-park-mail-ru/2019_2_Solar/pinterest/usecase/check_functions.go:41.24,43.3 1 0
github.com/go-park-mail-ru/2019_2_Solar/pinterest/usecase/check_functions.go:44.55,46.3 1 0
github.com/go-park-mail-ru/2019_2_Solar/pinterest/usecase/check_functions.go:47.57,49.3 1 0
github.com/go-park-mail-ru/2019_2_Solar/pinterest/usecase/check_functions.go:50.57,52.3 1 0
github.com/go-park-mail-ru/2019_2_Solar/pinterest/usecase/check_functions.go:56.35,57.85 1 0
github.com/go-park-mail-ru/2019_2_Solar/pinterest/usecase/check_functions.go:60.2,60.37 1 0
github.com/go-park-mail-ru/2019_2_Solar/pinterest/usecase/check_functions.go:57.85,59.3 1 0
github.com/go-park-mail-ru/2019_2_Solar/pinterest/usecase/check_functions.go:63.41,64.97 1 0
github.com/go-park-mail-ru/2019_2_Solar/pinterest/usecase/check_functions.go:67.2,67.40 1 0
github.com/go-park-mail-ru/2019_2_Solar/pinterest/usecase/check_functions.go:64.97,66.3 1 0
github.com/go-park-mail-ru/2019_2_Solar/pinterest/usecase/check_functions.go:70.33,71.46 1 0
github.com/go-park-mail-ru/2019_2_Solar/pinterest/usecase/check_functions.go:74.2,74.36 1 0
github.com/go-park-mail-ru/2019_2_Solar/pinterest/usecase/check_functions.go:71.46,73.3 1 0
github.com/go-park-mail-ru/2019_2_Solar/pinterest/usecase/check_functions.go:77.39,78.94 1 0
github.com/go-park-mail-ru/2019_2_Solar/pinterest/usecase/check_functions.go:81.2,81.39 1 0
github.com/go-park-mail-ru/2019_2_Solar/pinterest/usecase/check_functions.go:78.94,80.3 1 0
github.com/go-park-mail-ru/2019_2_Solar/pinterest/usecase/check_functions.go:84.42,85.46 1 0
github.com/go-park-mail-ru/2019_2_Solar/pinterest/usecase/check_functions.go:88.2,88.38 1 0
github.com/go-park-mail-ru/2019_2_Solar/pinterest/usecase/check_functions.go:85.46,87.3 1 0
github.com/go-park-mail-ru/2019_2_Solar/pinterest/usecase/check_functions.go:91.54,92.58 1 0
github.com/go-park-mail-ru/2019_2_Solar/pinterest/usecase/check_functions.go:95.2,95.44 1 0
github.com/go-park-mail-ru/2019_2_Solar/pinterest/usecase/check_functions.go:92.58,94.3 1 0
github.com/go-park-mail-ru/2019_2_Solar/pinterest/usecase/check_functions.go:98.40,99.44 1 0
github.com/go-park-mail-ru/2019_2_Solar/pinterest/usecase/check_functions.go:102.2,102.38 1 0
github.com/go-park-mail-ru/2019_2_Solar/pinterest/usecase/check_functions.go:99.44,101.3 1 0
github.com/go-park-mail-ru/2019_2_Solar/pinterest/usecase/check_functions.go:105.52,106.56 1 0
github.com/go-park-mail-ru/2019_2_Solar/pinterest/usecase/check_functions.go:109.2,109.44 1 0
github.com/go-park-mail-ru/2019_2_Solar/pinterest/usecase/check_functions.go:106.56,108.3 1 0
github.com/go-park-mail-ru/2019_2_Solar/pinterest/usecase/check_functions.go:112.65,116.16 4 0
github.com/go-park-mail-ru/2019_2_Solar/pinterest/usecase/check_functions.go:119.2,119.26 1 0
github.com/go-park-mail-ru/2019_2_Solar/pinterest/usecase/check_functions.go:122.2,122.12 1 0
github.com/go-park-mail-ru/2019_2_Solar/pinterest/usecase/check_functions.go:116.16,118.3 1 0
github.com/go-park-mail-ru/2019_2_Solar/pinterest/usecase/check_functions.go:119.26,121.3 1 0
github.com/go-park-mail-ru/2019_2_Solar/pinterest/usecase/check_functions.go:125.83,130.16 5 0
github.com/go-park-mail-ru/2019_2_Solar/pinterest/usecase/check_functions.go:133.2,133.33 1 0
github.com/go-park-mail-ru/2019_2_Solar/pinterest/usecase/check_functions.go:141.2,141.12 1 0
github.com/go-park-mail-ru/2019_2_Solar/pinterest/usecase/check_functions.go:130.16,132.3 1 0
github.com/go-park-mail-ru/2019_2_Solar/pinterest/usecase/check_functions.go:133.33,134.32 1 0
github.com/go-park-mail-ru/2019_2_Solar/pinterest/usecase/check_functions.go:137.3,137.26 1 0
github.com/go-park-mail-ru/2019_2_Solar/pinterest/usecase/check_functions.go:134.32,136.4 1 0
github.com/go-park-mail-ru/2019_2_Solar/pinterest/usecase/check_functions.go:137.26,139.4 1 0
github.com/go-park-mail-ru/2019_2_Solar/pinterest/usecase/check_functions.go:144.70,145.56 1 0
github.com/go-park-mail-ru/2019_2_Solar/pinterest/usecase/check_functions.go:148.2,148.68 1 0
github.com/go-park-mail-ru/2019_2_Solar/pinterest/usecase/check_functions.go:151.2,151.66 1 0
github.com/go-park-mail-ru/2019_2_Solar/pinterest/usecase/check_functions.go:154.2,154.12 1 0
github.com/go-park-mail-ru/2019_2_Solar/pinterest/usecase/check_functions.go:145.56,147.3 1 0
github.com/go-park-mail-ru/2019_2_Solar/pinterest/usecase/check_functions.go:148.68,150.3 1 0
github.com/go-park-mail-ru/2019_2_Solar/pinterest/usecase/check_functions.go:151.66,153.3 1 0
github.com/go-park-mail-ru/2019_2_Solar/pinterest/usecase/check_functions.go:157.64,158.52 1 0
github.com/go-park-mail-ru/2019_2_Solar/pinterest/usecase/check_functions.go:161.2,161.64 1 0
github.com/go-park-mail-ru/2019_2_Solar/pinterest/usecase/check_functions.go:164.2,164.12 1 0
github.com/go-park-mail-ru/2019_2_Solar/pinterest/usecase/check_functions.go:158.52,160.3 1 0
github.com/go-park-mail-ru/2019_2_Solar/pinterest/usecase/check_functions.go:161.64,163.3 1 0
github.com/go-park-mail-ru/2019_2_Solar/pinterest/usecase/check_functions.go:167.86,168.32 1 0
github.com/go-park-mail-ru/2019_2_Solar/pinterest/usecase/check_functions.go:173.2,173.35 1 0
github.com/go-park-mail-ru/2019_2_Solar/pinterest/usecase/check_functions.go:178.2,178.35 1 0
github.com/go-park-mail-ru/2019_2_Solar/pinterest/usecase/check_functions.go:183.2,183.31 1 0
github.com/go-park-mail-ru/2019_2_Solar/pinterest/usecase/check_functions.go:188.2,188.34 1 0
github.com/go-park-mail-ru/2019_2_Solar/pinterest/usecase/check_functions.go:193.2,193.33 1 0
github.com/go-park-mail-ru/2019_2_Solar/pinterest/usecase/check_functions.go:198.2,198.30 1 0
github.com/go-park-mail-ru/2019_2_Solar/pinterest/usecase/check_functions.go:203.2,203.12 1 0
github.com/go-park-mail-ru/2019_2_Solar/pinterest/usecase/check_functions.go:168.32,169.58 1 0
github.com/go-park-mail-ru/2019_2_Solar/pinterest/usecase/check_functions.go:169.58,171.4 1 0
github.com/go-park-mail-ru/2019_2_Solar/pinterest/usecase/check_functions.go:173.35,174.64 1 0
github.com/go-park-mail-ru/2019_2_Solar/pinterest/usecase/check_functions.go:174.64,176.4 1 0
github.com/go-park-mail-ru/2019_2_Solar/pinterest/usecase/check_functions.go:178.35,179.64 1 0
github.com/go-park-mail-ru/2019_2_Solar/pinterest/usecase/check_functions.go:179.64,181.4 1 0
github.com/go-park-mail-ru/2019_2_Solar/pinterest/usecase/check_functions.go:183.31,184.56 1 0
github.com/go-park-mail-ru/2019_2_Solar/pinterest/usecase/check_functions.go:184.56,186.4 1 0
github.com/go-park-mail-ru/2019_2_Solar/pinterest/usecase/check_functions.go:188.34,189.62 1 0
github.com/go-park-mail-ru/2019_2_Solar/pinterest/usecase/check_functions.go:189.62,191.4 1 0
github.com/go-park-mail-ru/2019_2_Solar/pinterest/usecase/check_functions.go:193.33,194.60 1 0
github.com/go-park-mail-ru/2019_2_Solar/pinterest/usecase/check_functions.go:194.60,196.4 1 0
github.com/go-park-mail-ru/2019_2_Solar/pinterest/usecase/check_functions.go:198.30,199.54 1 0
github.com/go-park-mail-ru/2019_2_Solar/pinterest/usecase/check_functions.go:199.54,201.4 1 0
github.com/go-park-mail-ru/2019_2_Solar/pinterest/usecase/check_functions.go:206.118,207.50 1 0
github.com/go-park-mail-ru/2019_2_Solar/pinterest/usecase/check_functions.go:210.2,214.16 5 0
github.com/go-park-mail-ru/2019_2_Solar/pinterest/usecase/check_functions.go:217.2,217.33 1 0
github.com/go-park-mail-ru/2019_2_Solar/pinterest/usecase/check_functions.go:228.2,228.12 1 0
github.com/go-park-mail-ru/2019_2_Solar/pinterest/usecase/check_functions.go:207.50,209.3 1 0
github.com/go-park-mail-ru/2019_2_Solar/pinterest/usecase/check_functions.go:214.16,216.3 1 0
github.com/go-park-mail-ru/2019_2_Solar/pinterest/usecase/check_functions.go:217.33,218.24 1 0
github.com/go-park-mail-ru/2019_2_Solar/pinterest/usecase/check_functions.go:221.3,221.35 1 0
github.com/go-park-mail-ru/2019_2_Solar/pinterest/usecase/check_functions.go:224.3,224.29 1 0
github.com/go-park-mail-ru/2019_2_Solar/pinterest/usecase/check_functions.go:218.24,219.12 1 0
github.com/go-park-mail-ru/2019_2_Solar/pinterest/usecase/check_functions.go:221.35,223.4 1 0
github.com/go-park-mail-ru/2019_2_Solar/pinterest/usecase/check_functions.go:224.29,226.4 1 0
github.com/go-park-mail-ru/2019_2_Solar/pinterest/usecase/check_functions.go:231.83,232.70 1 0
github.com/go-park-mail-ru/2019_2_Solar/pinterest/usecase/check_functions.go:235.2,235.42 1 0
github.com/go-park-mail-ru/2019_2_Solar/pinterest/usecase/check_functions.go:232.70,234.3 1 0
github.com/go-park-mail-ru/2019_2_Solar/pinterest/usecase/supporting_functions.go:9.74,10.37 1 0
github.com/go-park-mail-ru/2019_2_Solar/pinterest/usecase/supporting_functions.go:15.2,15.44 1 0
github.com/go-park-mail-ru/2019_2_Solar/pinterest/usecase/supporting_functions.go:10.37,11.33 1 0
github.com/go-park-mail-ru/2019_2_Solar/pinterest/usecase/supporting_functions.go:11.33,13.4 1 0
github.com/go-park-mail-ru/2019_2_Solar/pinterest/usecase/supporting_functions.go:18.49,20.2 1 0
github.com/go-park-mail-ru/2019_2_Solar/pinterest/delivery/lists.go:9.72,11.15 2 0
github.com/go-park-mail-ru/2019_2_Solar/pinterest/delivery/lists.go:16.2,20.16 4 0
github.com/go-park-mail-ru/2019_2_Solar/pinterest/delivery/lists.go:24.2,26.16 3 0
github.com/go-park-mail-ru/2019_2_Solar/pinterest/delivery/lists.go:29.2,29.12 1 0
github.com/go-park-mail-ru/2019_2_Solar/pinterest/delivery/lists.go:11.15,12.60 1 0
github.com/go-park-mail-ru/2019_2_Solar/pinterest/delivery/lists.go:12.60,14.4 1 0
github.com/go-park-mail-ru/2019_2_Solar/pinterest/delivery/lists.go:20.16,22.3 1 0
github.com/go-park-mail-ru/2019_2_Solar/pinterest/delivery/lists.go:26.16,28.3 1 0
github.com/go-park-mail-ru/2019_2_Solar/pinterest/delivery/profile.go:13.81,14.15 1 0
github.com/go-park-mail-ru/2019_2_Solar/pinterest/delivery/profile.go:19.2,22.17 4 0
github.com/go-park-mail-ru/2019_2_Solar/pinterest/delivery/profile.go:25.2,27.45 2 0
github.com/go-park-mail-ru/2019_2_Solar/pinterest/delivery/profile.go:30.2,30.12 1 0
github.com/go-park-mail-ru/2019_2_Solar/pinterest/delivery/profile.go:14.15,15.60 1 0
github.com/go-park-mail-ru/2019_2_Solar/pinterest/delivery/profile.go:15.60,17.4 1 0
github.com/go-park-mail-ru/2019_2_Solar/pinterest/delivery/profile.go:22.17,24.3 1 0
github.com/go-park-mail-ru/2019_2_Solar/pinterest/delivery/profile.go:27.45,29.3 1 0
github.com/go-park-mail-ru/2019_2_Solar/pinterest/delivery/profile.go:33.82,34.15 1 0
github.com/go-park-mail-ru/2019_2_Solar/pinterest/delivery/profile.go:39.2,42.20 4 0
github.com/go-park-mail-ru/2019_2_Solar/pinterest/delivery/profile.go:45.2,51.55 4 0
github.com/go-park-mail-ru/2019_2_Solar/pinterest/delivery/profile.go:55.2,55.68 1 0
github.com/go-park-mail-ru/2019_2_Solar/pinterest/delivery/profile.go:58.2,58.145 1 0
github.com/go-park-mail-ru/2019_2_Solar/pinterest/delivery/profile.go:62.2,63.16 2 0
github.com/go-park-mail-ru/2019_2_Solar/pinterest/delivery/profile.go:66.2,66.22 1 0
github.com/go-park-mail-ru/2019_2_Solar/pinterest/delivery/profile.go:70.2,72.45 2 0
github.com/go-park-mail-ru/2019_2_Solar/pinterest/delivery/profile.go:75.2,75.12 1 0
github.com/go-park-mail-ru/2019_2_Solar/pinterest/delivery/profile.go:34.15,35.52 1 0
github.com/go-park-mail-ru/2019_2_Solar/pinterest/delivery/profile.go:35.52,37.4 1 0
github.com/go-park-mail-ru/2019_2_Solar/pinterest/delivery/profile.go:42.20,44.3 1 0
github.com/go-park-mail-ru/2019_2_Solar/pinterest/delivery/profile.go:51.55,53.3 1 0
github.com/go-park-mail-ru/2019_2_Solar/pinterest/delivery/profile.go:55.68,57.3 1 0
github.com/go-park-mail-ru/2019_2_Solar/pinterest/delivery/profile.go:58.145,60.3 1 0
github.com/go-park-mail-ru/2019_2_Solar/pinterest/delivery/profile.go:63.16,65.3 1 0
github.com/go-park-mail-ru/2019_2_Solar/pinterest/delivery/profile.go:66.22,68.3 1 0
github.com/go-park-mail-ru/2019_2_Solar/pinterest/delivery/profile.go:72.45,74.3 1 0
github.com/go-park-mail-ru/2019_2_Solar/pinterest/delivery/profile.go:78.85,79.15 1 0
github.com/go-park-mail-ru/2019_2_Solar/pinterest/delivery/profile.go:84.2,87.20 4 0
github.com/go-park-mail-ru/2019_2_Solar/pinterest/delivery/profile.go:90.2,90.74 1 0
github.com/go-park-mail-ru/2019_2_Solar/pinterest/delivery/profile.go:93.2,95.16 3 0
github.com/go-park-mail-ru/2019_2_Solar/pinterest/delivery/profile.go:98.2,98.15 1 0
github.com/go-park-mail-ru/2019_2_Solar/pinterest/delivery/profile.go:103.2,106.16 4 0
github.com/go-park-mail-ru/2019_2_Solar/pinterest/delivery/profile.go:109.2,109.71 1 0
github.com/go-park-mail-ru/2019_2_Solar/pinterest/delivery/profile.go:112.2,113.16 2 0
github.com/go-park-mail-ru/2019_2_Solar/pinterest/delivery/profile.go:116.2,117.65 2 0
github.com/go-park-mail-ru/2019_2_Solar/pinterest/delivery/profile.go:120.2,120.74 1 0
github.com/go-park-mail-ru/2019_2_Solar/pinterest/delivery/profile.go:123.2,124.45 2 0
github.com/go-park-mail-ru/2019_2_Solar/pinterest/delivery/profile.go:127.2,127.12 1 0
github.com/go-park-mail-ru/2019_2_Solar/pinterest/delivery/profile.go:79.15,80.60 1 0
github.com/go-park-mail-ru/2019_2_Solar/pinterest/delivery/profile.go:80.60,82.4 1 0
github.com/go-park-mail-ru/2019_2_Solar/pinterest/delivery/profile.go:87.20,89.3 1 0
github.com/go-park-mail-ru/2019_2_Solar/pinterest/delivery/profile.go:90.74,92.3 1 0
github.com/go-park-mail-ru/2019_2_Solar/pinterest/delivery/profile.go:95.16,97.3 1 0
github.com/go-park-mail-ru/2019_2_Solar/pinterest/delivery/profile.go:98.15,99.38 1 0
github.com/go-park-mail-ru/2019_2_Solar/pinterest/delivery/profile.go:99.38,101.4 1 0
github.com/go-park-mail-ru/2019_2_Solar/pinterest/delivery/profile.go:106.16,108.3 1 0
github.com/go-park-mail-ru/2019_2_Solar/pinterest/delivery/profile.go:109.71,111.3 1 0
github.com/go-park-mail-ru/2019_2_Solar/pinterest/delivery/profile.go:113.16,115.3 1 0
github.com/go-park-mail-ru/2019_2_Solar/pinterest/delivery/profile.go:117.65,119.3 1 0
github.com/go-park-mail-ru/2019_2_Solar/pinterest/delivery/profile.go:120.74,122.3 1 0
github.com/go-park-mail-ru/2019_2_Solar/pinterest/delivery/profile.go:124.45,126.3 1 0
github.com/go-park-mail-ru/2019_2_Solar/pinterest/mocks/repository_mocks.go:26.73,30.2 3 0
github.com/go-park-mail-ru/2019_2_Solar/pinterest/mocks/repository_mocks.go:33.71,35.2 1 0
github.com/go-park-mail-ru/2019_2_Solar/pinterest/mocks/repository_mocks.go:38.98,44.2 5 0
github.com/go-park-mail-ru/2019_2_Solar/pinterest/mocks/repository_mocks.go:47.106,50.2 2 0
github.com/go-park-mail-ru/2019_2_Solar/pinterest/mocks/repository_mocks.go:53.86,59.2 5 0
github.com/go-park-mail-ru/2019_2_Solar/pinterest/mocks/repository_mocks.go:62.94,65.2 2 0
github.com/go-park-mail-ru/2019_2_Solar/pinterest/mocks/repository_mocks.go:68.106,74.2 5 0
github.com/go-park-mail-ru/2019_2_Solar/pinterest/mocks/repository_mocks.go:77.108,80.2 2 0
github.com/go-park-mail-ru/2019_2_Solar/pinterest/mocks/repository_mocks.go:83.131,89.2 5 0
github.com/go-park-mail-ru/2019_2_Solar/pinterest/mocks/repository_mocks.go:92.129,95.2 2 0
github.com/go-park-mail-ru/2019_2_Solar/pinterest/mocks/repository_mocks.go:98.120,104.2 5 0
github.com/go-park-mail-ru/2019_2_Solar/pinterest/mocks/repository_mocks.go:107.118,110.2 2 0
github.com/go-park-mail-ru/2019_2_Solar/pinterest/mocks/repository_mocks.go:113.75,118.2 4 0
github.com/go-park-mail-ru/2019_2_Solar/pinterest/mocks/repository_mocks.go:121.100,124.2 2 0
github.com/go-park-mail-ru/2019_2_Solar/pinterest/mocks/repository_mocks.go:127.90,133.2 5 0
github.com/go-park-mail-ru/2019_2_Solar/pinterest/mocks/repository_mocks.go:136.103,139.2 2 0
github.com/go-park-mail-ru/2019_2_Solar/pinterest/mocks/repository_mocks.go:142.76,148.2 5 0
github.com/go-park-mail-ru/2019_2_Solar/pinterest/mocks/repository_mocks.go:151.75,154.2 2 0
github.com/go-park-mail-ru/2019_2_Solar/pinterest/mocks/repository_mocks.go:157.134,163.2 5 0
github.com/go-park-mail-ru/2019_2_Solar/pinterest/mocks/repository_mocks.go:166.132,169.2 2 0
github.com/go-park-mail-ru/2019_2_Solar/pinterest/mocks/repository_mocks.go:172.87,178.2 5 0
github.com/go-park-mail-ru/2019_2_Solar/pinterest/mocks/repository_mocks.go:181.94,184.2 2 0
github.com/go-park-mail-ru/2019_2_Solar/pinterest/mocks/repository_mocks.go:187.92,193.2 5 0
github.com/go-park-mail-ru/2019_2_Solar/pinterest/mocks/repository_mocks.go:196.99,199.2 2 0
github.com/go-park-mail-ru/2019_2_Solar/pinterest/mocks/repository_mocks.go:202.102,208.2 5 0
github.com/go-park-mail-ru/2019_2_Solar/pinterest/mocks/repository_mocks.go:211.104,214.2 2 0
github.com/go-park-mail-ru/2019_2_Solar/pinterest/mocks/repository_mocks.go:217.99,223.2 5 0
github.com/go-park-mail-ru/2019_2_Solar/pinterest/mocks/repository_mocks.go:226.104,229.2 2 0
github.com/go-park-mail-ru/2019_2_Solar/pinterest/mocks/repository_mocks.go:232.70,238.2 5 0
github.com/go-park-mail-ru/2019_2_Solar/pinterest/mocks/repository_mocks.go:241.73,244.2 2 0
github.com/go-park-mail-ru/2019_2_Solar/pinterest/mocks/repository_mocks.go:247.81,253.2 5 0
github.com/go-park-mail-ru/2019_2_Solar/pinterest/mocks/repository_mocks.go:256.89,259.2 2 0
github.com/go-park-mail-ru/2019_2_Solar/pinterest/mocks/repository_mocks.go:262.72,268.2 5 0
github.com/go-park-mail-ru/2019_2_Solar/pinterest/mocks/repository_mocks.go:271.83,274.2 2 0
github.com/go-park-mail-ru/2019_2_Solar/pinterest/mocks/repository_mocks.go:277.85,283.2 5 0
github.com/go-park-mail-ru/2019_2_Solar/pinterest/mocks/repository_mocks.go:286.90,289.2 2 0
github.com/go-park-mail-ru/2019_2_Solar/pinterest/mocks/repository_mocks.go:292.99,298.2 5 0
github.com/go-park-mail-ru/2019_2_Solar/pinterest/mocks/repository_mocks.go:301.97,304.2 2 0
github.com/go-park-mail-ru/2019_2_Solar/pinterest/mocks/repository_mocks.go:307.105,313.2 5 0
github.com/go-park-mail-ru/2019_2_Solar/pinterest/mocks/repository_mocks.go:316.110,319.2 2 0
github.com/go-park-mail-ru/2019_2_Solar/pinterest/mocks/repository_mocks.go:322.114,328.2 5 0
github.com/go-park-mail-ru/2019_2_Solar/pinterest/mocks/repository_mocks.go:331.112,334.2 2 0
github.com/go-park-mail-ru/2019_2_Solar/pinterest/mocks/repository_mocks.go:337.126,343.2 5 0
github.com/go-park-mail-ru/2019_2_Solar/pinterest/mocks/repository_mocks.go:346.124,349.2 2 0
github.com/go-park-mail-ru/2019_2_Solar/pinterest/mocks/repository_mocks.go:352.132,358.2 5 0
github.com/go-park-mail-ru/2019_2_Solar/pinterest/mocks/repository_mocks.go:361.123,364.2 2 0
github.com/go-park-mail-ru/2019_2_Solar/pinterest/mocks/repository_mocks.go:367.109,373.2 5 0
github.com/go-park-mail-ru/2019_2_Solar/pinterest/mocks/repository_mocks.go:376.111,379.2 2 0
github.com/go-park-mail-ru/2019_2_Solar/pinterest/mocks/repository_mocks.go:382.72,388.2 5 0
github.com/go-park-mail-ru/2019_2_Solar/pinterest/mocks/repository_mocks.go:391.85,394.2 2 0
github.com/go-park-mail-ru/2019_2_Solar/pinterest/mocks/repository_mocks.go:397.92,403.2 5 0
github.com/go-park-mail-ru/2019_2_Solar/pinterest/mocks/repository_mocks.go:406.103,409.2 2 0
github.com/go-park-mail-ru/2019_2_Solar/pinterest/mocks/repository_mocks.go:412.87,418.2 5 0
github.com/go-park-mail-ru/2019_2_Solar/pinterest/mocks/repository_mocks.go:421.89,424.2 2 0
github.com/go-park-mail-ru/2019_2_Solar/pinterest/mocks/repository_mocks.go:427.92,433.2 5 0
github.com/go-park-mail-ru/2019_2_Solar/pinterest/mocks/repository_mocks.go:436.100,439.2 2 0
github.com/go-park-mail-ru/2019_2_Solar/pinterest/mocks/repository_mocks.go:442.98,448.2 5 0
github.com/go-park-mail-ru/2019_2_Solar/pinterest/mocks/repository_mocks.go:451.106,454.2 2 0
github.com/go-park-mail-ru/2019_2_Solar/pinterest/mocks/repository_mocks.go:457.94,462.2 4 0
github.com/go-park-mail-ru/2019_2_Solar/pinterest/mocks/repository_mocks.go:465.112,468.2 2 0
github.com/go-park-mail-ru/2019_2_Solar/pinterest/mocks/repository_mocks.go:471.109,477.2 5 0
github.com/go-park-mail-ru/2019_2_Solar/pinterest/mocks/repository_mocks.go:480.105,483.2 2 0
github.com/go-park-mail-ru/2019_2_Solar/pinterest/mocks/repository_mocks.go:486.108,492.2 5 0
github.com/go-park-mail-ru/2019_2_Solar/pinterest/mocks/repository_mocks.go:495.109,498.2 2 0
github.com/go-park-mail-ru/2019_2_Solar/pinterest/mocks/repository_mocks.go:501.92,507.2 5 0
github.com/go-park-mail-ru/2019_2_Solar/pinterest/mocks/repository_mocks.go:510.98,513.2 2 0
github.com/go-park-mail-ru/2019_2_Solar/pinterest/mocks/repository_mocks.go:516.118,522.2 5 0
github.com/go-park-mail-ru/2019_2_Solar/pinterest/mocks/repository_mocks.go:525.114,528.2 2 0
github.com/go-park-mail-ru/2019_2_Solar/pinterest/mocks/repository_mocks.go:531.64,537.2 5 0
github.com/go-park-mail-ru/2019_2_Solar/pinterest/mocks/repository_mocks.go:540.72,543.2 2 0
github.com/go-park-mail-ru/2019_2_Solar/pinterest/mocks/repository_mocks.go:546.58,551.2 4 0
github.com/go-park-mail-ru/2019_2_Solar/pinterest/mocks/repository_mocks.go:554.83,557.2 2 0
github.com/go-park-mail-ru/2019_2_Solar/pinterest/mocks/repository_mocks.go:560.82,565.2 4 0
github.com/go-park-mail-ru/2019_2_Solar/pinterest/mocks/repository_mocks.go:568.100,571.2 2 0
github.com/go-park-mail-ru/2019_2_Solar/pinterest/mocks/repository_mocks.go:574.98,580.2 5 0
github.com/go-park-mail-ru/2019_2_Solar/pinterest/mocks/repository_mocks.go:583.106,586.2 2 0
github.com/go-park-mail-ru/2019_2_Solar/pinterest/mocks/repository_mocks.go:589.115,595.2 5 0
github.com/go-park-mail-ru/2019_2_Solar/pinterest/mocks/repository_mocks.go:598.114,601.2 2 0
github.com/go-park-mail-ru/2019_2_Solar/pinterest/mocks/repository_mocks.go:604.109,610.2 5 0
github.com/go-park-mail-ru/2019_2_Solar/pinterest/mocks/repository_mocks.go:613.110,616.2 2 0
github.com/go-park-mail-ru/2019_2_Solar/pinterest/usecase/json_functions.go:8.96,10.8 2 0
github.com/go-park-mail-ru/2019_2_Solar/pinterest/usecase/json_functions.go:20.2,20.54 1 0
github.com/go-park-mail-ru/2019_2_Solar/pinterest/usecase/json_functions.go:30.2,30.43 1 0
github.com/go-park-mail-ru/2019_2_Solar/pinterest/usecase/json_functions.go:40.2,40.57 1 0
github.com/go-park-mail-ru/2019_2_Solar/pinterest/usecase/json_functions.go:50.2,56.16 2 0
github.com/go-park-mail-ru/2019_2_Solar/pinterest/usecase/json_functions.go:10.8,19.3 2 0
github.com/go-park-mail-ru/2019_2_Solar/pinterest/usecase/json_functions.go:20.54,29.3 2 0
github.com/go-park-mail-ru/2019_2_Solar/pinterest/usecase/json_functions.go:30.43,39.3 2 0
github.com/go-park-mail-ru/2019_2_Solar/pinterest/usecase/json_functions.go:40.57,49.3 2 0
github.com/go-park-mail-ru/2019_2_Solar/pinterest/usecase/json_functions.go:59.91,61.45 2 0
github.com/go-park-mail-ru/2019_2_Solar/pinterest/usecase/json_functions.go:64.2,64.12 1 0
github.com/go-park-mail-ru/2019_2_Solar/pinterest/usecase/json_functions.go:61.45,63.3 1 0
github.com/go-park-mail-ru/2019_2_Solar/pinterest/usecase/return.go:5.56,7.2 1 0
github.com/go-park-mail-ru/2019_2_Solar/pinterest/delivery/handlers_create.go:18.71,19.15 1 0
github.com/go-park-mail-ru/2019_2_Solar/pinterest/delivery/handlers_create.go:24.2,25.28 2 0
github.com/go-park-mail-ru/2019_2_Solar/pinterest/delivery/handlers_create.go:28.2,33.16 5 0
github.com/go-park-mail-ru/2019_2_Solar/pinterest/delivery/handlers_create.go:36.2,49.16 4 0
github.com/go-park-mail-ru/2019_2_Solar/pinterest/delivery/handlers_create.go:53.2,62.16 9 0
github.com/go-park-mail-ru/2019_2_Solar/pinterest/delivery/handlers_create.go:65.2,65.12 1 0
github.com/go-park-mail-ru/2019_2_Solar/pinterest/delivery/handlers_create.go:19.15,20.60 1 0
github.com/go-park-mail-ru/2019_2_Solar/pinterest/delivery/handlers_create.go:20.60,22.4 1 0
github.com/go-park-mail-ru/2019_2_Solar/pinterest/delivery/handlers_create.go:25.28,27.3 1 0
github.com/go-park-mail-ru/2019_2_Solar/pinterest/delivery/handlers_create.go:33.16,35.3 1 0
github.com/go-park-mail-ru/2019_2_Solar/pinterest/delivery/handlers_create.go:49.16,51.3 1 0
github.com/go-park-mail-ru/2019_2_Solar/pinterest/delivery/handlers_create.go:62.16,64.3 1 0
github.com/go-park-mail-ru/2019_2_Solar/pinterest/delivery/handlers_create.go:68.73,70.15 2 0
github.com/go-park-mail-ru/2019_2_Solar/pinterest/delivery/handlers_create.go:75.2,77.42 3 0
github.com/go-park-mail-ru/2019_2_Solar/pinterest/delivery/handlers_create.go:85.2,87.53 3 0
github.com/go-park-mail-ru/2019_2_Solar/pinterest/delivery/handlers_create.go:91.2,101.16 4 0
github.com/go-park-mail-ru/2019_2_Solar/pinterest/delivery/handlers_create.go:105.2,114.16 9 0
github.com/go-park-mail-ru/2019_2_Solar/pinterest/delivery/handlers_create.go:117.2,117.12 1 0
github.com/go-park-mail-ru/2019_2_Solar/pinterest/delivery/handlers_create.go:70.15,71.60 1 0
github.com/go-park-mail-ru/2019_2_Solar/pinterest/delivery/handlers_create.go:71.60,73.4 1 0
github.com/go-park-mail-ru/2019_2_Solar/pinterest/delivery/handlers_create.go:77.42,80.17 3 0
github.com/go-park-mail-ru/2019_2_Solar/pinterest/delivery/handlers_create.go:83.3,83.13 1 0
github.com/go-park-mail-ru/2019_2_Solar/pinterest/delivery/handlers_create.go:80.17,82.4 1 0
github.com/go-park-mail-ru/2019_2_Solar/pinterest/delivery/handlers_create.go:87.53,89.3 1 0
github.com/go-park-mail-ru/2019_2_Solar/pinterest/delivery/handlers_create.go:101.16,103.3 1 0
github.com/go-park-mail-ru/2019_2_Solar/pinterest/delivery/handlers_create.go:114.16,116.3 1 0
github.com/go-park-mail-ru/2019_2_Solar/pinterest/delivery/handlers_create.go:120.75,121.15 1 0
github.com/go-park-mail-ru/2019_2_Solar/pinterest/delivery/handlers_create.go:126.2,129.20 4 0
github.com/go-park-mail-ru/2019_2_Solar/pinterest/delivery/handlers_create.go:132.2,138.49 4 0
github.com/go-park-mail-ru/2019_2_Solar/pinterest/delivery/handlers_create.go:142.2,150.16 3 0
github.com/go-park-mail-ru/2019_2_Solar/pinterest/delivery/handlers_create.go:154.2,176.45 3 0
github.com/go-park-mail-ru/2019_2_Solar/pinterest/delivery/handlers_create.go:180.2,180.12 1 0
github.com/go-park-mail-ru/2019_2_Solar/pinterest/delivery/handlers_create.go:121.15,122.60 1 0
github.com/go-park-mail-ru/2019_2_Solar/pinterest/delivery/handlers_create.go:122.60,124.4 1 0
github.com/go-park-mail-ru/2019_2_Solar/pinterest/delivery/handlers_create.go:129.20,131.3 1 0
github.com/go-park-mail-ru/2019_2_Solar/pinterest/delivery/handlers_create.go:138.49,140.3 1 0
github.com/go-park-mail-ru/2019_2_Solar/pinterest/delivery/handlers_create.go:150.16,152.3 1 0
github.com/go-park-mail-ru/2019_2_Solar/pinterest/delivery/handlers_create.go:176.45,178.3 1 0
github.com/go-park-mail-ru/2019_2_Solar/pinterest/delivery/handlers_create.go:183.73,184.15 1 0
github.com/go-park-mail-ru/2019_2_Solar/pinterest/delivery/handlers_create.go:189.2,192.20 4 0
github.com/go-park-mail-ru/2019_2_Solar/pinterest/delivery/handlers_create.go:195.2,198.16 3 0
github.com/go-park-mail-ru/2019_2_Solar/pinterest/delivery/handlers_create.go:202.2,205.64 3 0
github.com/go-park-mail-ru/2019_2_Solar/pinterest/delivery/handlers_create.go:209.2,209.15 1 0
github.com/go-park-mail-ru/2019_2_Solar/pinterest/delivery/handlers_create.go:215.2,218.16 4 0
github.com/go-park-mail-ru/2019_2_Solar/pinterest/delivery/handlers_create.go:221.2,221.71 1 0
github.com/go-park-mail-ru/2019_2_Solar/pinterest/delivery/handlers_create.go:224.2,225.16 2 0
github.com/go-park-mail-ru/2019_2_Solar/pinterest/delivery/handlers_create.go:228.2,229.65 2 0
github.com/go-park-mail-ru/2019_2_Solar/pinterest/delivery/handlers_create.go:233.2,244.16 4 0
github.com/go-park-mail-ru/2019_2_Solar/pinterest/delivery/handlers_create.go:248.2,272.45 3 0
github.com/go-park-mail-ru/2019_2_Solar/pinterest/delivery/handlers_create.go:276.2,276.12 1 0
github.com/go-park-mail-ru/2019_2_Solar/pinterest/delivery/handlers_create.go:184.15,185.60 1 0
github.com/go-park-mail-ru/2019_2_Solar/pinterest/delivery/handlers_create.go:185.60,187.4 1 0
github.com/go-park-mail-ru/2019_2_Solar/pinterest/delivery/handlers_create.go:192.20,194.3 1 0
github.com/go-park-mail-ru/2019_2_Solar/pinterest/delivery/handlers_create.go:198.16,200.3 1 0
github.com/go-park-mail-ru/2019_2_Solar/pinterest/delivery/handlers_create.go:205.64,207.3 1 0
github.com/go-park-mail-ru/2019_2_Solar/pinterest/delivery/handlers_create.go:209.15,210.38 1 0
github.com/go-park-mail-ru/2019_2_Solar/pinterest/delivery/handlers_create.go:210.38,212.4 1 0
github.com/go-park-mail-ru/2019_2_Solar/pinterest/delivery/handlers_create.go:218.16,220.3 1 0
github.com/go-park-mail-ru/2019_2_Solar/pinterest/delivery/handlers_create.go:221.71,223.3 1 0
github.com/go-park-mail-ru/2019_2_Solar/pinterest/delivery/handlers_create.go:225.16,227.3 1 0
github.com/go-park-mail-ru/2019_2_Solar/pinterest/delivery/handlers_create.go:229.65,231.3 1 0
github.com/go-park-mail-ru/2019_2_Solar/pinterest/delivery/handlers_create.go:244.16,246.3 1 0
github.com/go-park-mail-ru/2019_2_Solar/pinterest/delivery/handlers_create.go:272.45,274.3 1 0
github.com/go-park-mail-ru/2019_2_Solar/pinterest/delivery/handlers_create.go:279.79,280.15 1 0
github.com/go-park-mail-ru/2019_2_Solar/pinterest/delivery/handlers_create.go:285.2,287.20 3 0
github.com/go-park-mail-ru/2019_2_Solar/pinterest/delivery/handlers_create.go:290.2,295.49 3 0
github.com/go-park-mail-ru/2019_2_Solar/pinterest/delivery/handlers_create.go:298.2,302.44 3 0
github.com/go-park-mail-ru/2019_2_Solar/pinterest/delivery/handlers_create.go:305.2,305.12 1 0
github.com/go-park-mail-ru/2019_2_Solar/pinterest/delivery/handlers_create.go:280.15,281.60 1 0
github.com/go-park-mail-ru/2019_2_Solar/pinterest/delivery/handlers_create.go:281.60,283.4 1 0
github.com/go-park-mail-ru/2019_2_Solar/pinterest/delivery/handlers_create.go:287.20,289.3 1 0
github.com/go-park-mail-ru/2019_2_Solar/pinterest/delivery/handlers_create.go:295.49,297.3 1 0
github.com/go-park-mail-ru/2019_2_Solar/pinterest/delivery/handlers_create.go:302.44,304.3 1 0
github.com/go-park-mail-ru/2019_2_Solar/pinterest/repository/middleware/functions.go:9.52,14.16 4 0
github.com/go-park-mail-ru/2019_2_Solar/pinterest/repository/middleware/functions.go:17.2,19.16 3 0
github.com/go-park-mail-ru/2019_2_Solar/pinterest/repository/middleware/functions.go:22.2,22.12 1 0
github.com/go-park-mail-ru/2019_2_Solar/pinterest/repository/middleware/functions.go:14.16,16.3 1 0
github.com/go-park-mail-ru/2019_2_Solar/pinterest/repository/middleware/functions.go:19.16,21.3 1 0
github.com/go-park-mail-ru/2019_2_Solar/pinterest/repository/middleware/functions.go:25.109,28.16 3 0
github.com/go-park-mail-ru/2019_2_Solar/pinterest/repository/middleware/functions.go:31.2,31.15 1 0
github.com/go-park-mail-ru/2019_2_Solar/pinterest/repository/middleware/functions.go:36.2,36.18 1 0
github.com/go-park-mail-ru/2019_2_Solar/pinterest/repository/middleware/functions.go:59.2,59.24 1 0
github.com/go-park-mail-ru/2019_2_Solar/pinterest/repository/middleware/functions.go:28.16,30.3 1 0
github.com/go-park-mail-ru/2019_2_Solar/pinterest/repository/middleware/functions.go:31.15,32.38 1 0
github.com/go-park-mail-ru/2019_2_Solar/pinterest/repository/middleware/functions.go:32.38,34.4 1 0
github.com/go-park-mail-ru/2019_2_Solar/pinterest/repository/middleware/functions.go:36.18,40.17 3 0
github.com/go-park-mail-ru/2019_2_Solar/pinterest/repository/middleware/functions.go:43.3,57.40 2 0
github.com/go-park-mail-ru/2019_2_Solar/pinterest/repository/middleware/functions.go:40.17,42.4 1 0
github.com/go-park-mail-ru/2019_2_Solar/pinterest/repository/middleware/functions.go:62.122,65.16 3 0
github.com/go-park-mail-ru/2019_2_Solar/pinterest/repository/middleware/functions.go:68.2,68.15 1 0
github.com/go-park-mail-ru/2019_2_Solar/pinterest/repository/middleware/functions.go:73.2,73.18 1 0
github.com/go-park-mail-ru/2019_2_Solar/pinterest/repository/middleware/functions.go:81.2,81.31 1 0
github.com/go-park-mail-ru/2019_2_Solar/pinterest/repository/middleware/functions.go:65.16,67.3 1 0
github.com/go-park-mail-ru/2019_2_Solar/pinterest/repository/middleware/functions.go:68.15,69.38 1 0
github.com/go-park-mail-ru/2019_2_Solar/pinterest/repository/middleware/functions.go:69.38,71.4 1 0
github.com/go-park-mail-ru/2019_2_Solar/pinterest/repository/middleware/functions.go:73.18,76.17 3 0
github.com/go-park-mail-ru/2019_2_Solar/pinterest/repository/middleware/functions.go:79.3,79.61 1 0
github.com/go-park-mail-ru/2019_2_Solar/pinterest/repository/middleware/functions.go:76.17,78.4 1 0
github.com/go-park-mail-ru/2019_2_Solar/pinterest/usecase/chat_web_socket.go:9.76,14.2 4 0
github.com/go-park-mail-ru/2019_2_Solar/pinterest/usecase/create_fuctions.go:24.55,30.2 5 0
github.com/go-park-mail-ru/2019_2_Solar/pinterest/usecase/create_fuctions.go:32.76,34.16 2 0
github.com/go-park-mail-ru/2019_2_Solar/pinterest/usecase/create_fuctions.go:37.2,43.16 7 0
github.com/go-park-mail-ru/2019_2_Solar/pinterest/usecase/create_fuctions.go:46.2,46.31 1 0
github.com/go-park-mail-ru/2019_2_Solar/pinterest/usecase/create_fuctions.go:34.16,36.3 1 0
github.com/go-park-mail-ru/2019_2_Solar/pinterest/usecase/create_fuctions.go:43.16,45.3 1 0
github.com/go-park-mail-ru/2019_2_Solar/pinterest/usecase/create_fuctions.go:49.48,52.59 3 0
github.com/go-park-mail-ru/2019_2_Solar/pinterest/usecase/create_fuctions.go:66.2,66.28 1 0
github.com/go-park-mail-ru/2019_2_Solar/pinterest/usecase/create_fuctions.go:52.59,53.24 1 0
github.com/go-park-mail-ru/2019_2_Solar/pinterest/usecase/create_fuctions.go:60.3,60.94 1 0
github.com/go-park-mail-ru/2019_2_Solar/pinterest/usecase/create_fuctions.go:53.24,56.18 3 0
github.com/go-park-mail-ru/2019_2_Solar/pinterest/usecase/create_fuctions.go:56.18,58.5 1 0
github.com/go-park-mail-ru/2019_2_Solar/pinterest/usecase/create_fuctions.go:60.94,63.4 2 0
github.com/go-park-mail-ru/2019_2_Solar/pinterest/usecase/create_fuctions.go:70.52,73.16 3 0
github.com/go-park-mail-ru/2019_2_Solar/pinterest/usecase/create_fuctions.go:76.2,76.25 1 0
github.com/go-park-mail-ru/2019_2_Solar/pinterest/usecase/create_fuctions.go:73.16,75.3 1 0
github.com/go-park-mail-ru/2019_2_Solar/pinterest/usecase/create_fuctions.go:79.84,81.16 2 0
github.com/go-park-mail-ru/2019_2_Solar/pinterest/usecase/create_fuctions.go:84.2,86.16 3 0
github.com/go-park-mail-ru/2019_2_Solar/pinterest/usecase/create_fuctions.go:89.2,89.20 1 0
github.com/go-park-mail-ru/2019_2_Solar/pinterest/usecase/create_fuctions.go:81.16,83.3 1 0
github.com/go-park-mail-ru/2019_2_Solar/pinterest/usecase/create_fuctions.go:86.16,88.3 1 0
github.com/go-park-mail-ru/2019_2_Solar/pinterest/usecase/create_fuctions.go:92.94,93.28 1 0
github.com/go-park-mail-ru/2019_2_Solar/pinterest/usecase/create_fuctions.go:96.2,96.24 1 0
github.com/go-park-mail-ru/2019_2_Solar/pinterest/usecase/create_fuctions.go:99.2,99.27 1 0
github.com/go-park-mail-ru/2019_2_Solar/pinterest/usecase/create_fuctions.go:102.2,102.28 1 0
github.com/go-park-mail-ru/2019_2_Solar/pinterest/usecase/create_fuctions.go:105.2,105.28 1 0
github.com/go-park-mail-ru/2019_2_Solar/pinterest/usecase/create_fuctions.go:108.2,108.25 1 0
github.com/go-park-mail-ru/2019_2_Solar/pinterest/usecase/create_fuctions.go:111.2,111.23 1 0
github.com/go-park-mail-ru/2019_2_Solar/pinterest/usecase/create_fuctions.go:118.2,118.26 1 0
github.com/go-park-mail-ru/2019_2_Solar/pinterest/usecase/create_fuctions.go:121.2,122.16 2 0
github.com/go-park-mail-ru/2019_2_Solar/pinterest/usecase/create_fuctions.go:125.2,125.23 1 0
github.com/go-park-mail-ru/2019_2_Solar/pinterest/usecase/create_fuctions.go:93.28,95.3 1 0
github.com/go-park-mail-ru/2019_2_Solar/pinterest/usecase/create_fuctions.go:96.24,98.3 1 0
github.com/go-park-mail-ru/2019_2_Solar/pinterest/usecase/create_fuctions.go:99.27,101.3 1 0
github.com/go-park-mail-ru/2019_2_Solar/pinterest/usecase/create_fuctions.go:102.28,104.3 1 0
github.com/go-park-mail-ru/2019_2_Solar/pinterest/usecase/create_fuctions.go:105.28,107.3 1 0
github.com/go-park-mail-ru/2019_2_Solar/pinterest/usecase/create_fuctions.go:108.25,110.3 1 0
github.com/go-park-mail-ru/2019_2_Solar/pinterest/usecase/create_fuctions.go:111.23,113.17 2 0
github.com/go-park-mail-ru/2019_2_Solar/pinterest/usecase/create_fuctions.go:116.3,116.23 1 0
github.com/go-park-mail-ru/2019_2_Solar/pinterest/usecase/create_fuctions.go:113.17,115.4 1 0
github.com/go-park-mail-ru/2019_2_Solar/pinterest/usecase/create_fuctions.go:118.26,120.3 1 0
github.com/go-park-mail-ru/2019_2_Solar/pinterest/usecase/create_fuctions.go:122.16,124.3 1 0
github.com/go-park-mail-ru/2019_2_Solar/pinterest/usecase/create_fuctions.go:128.85,130.16 2 0
github.com/go-park-mail-ru/2019_2_Solar/pinterest/usecase/create_fuctions.go:133.2,133.23 1 0
github.com/go-park-mail-ru/2019_2_Solar/pinterest/usecase/create_fuctions.go:130.16,132.3 1 0
github.com/go-park-mail-ru/2019_2_Solar/pinterest/usecase/create_fuctions.go:136.80,138.53 2 0
github.com/go-park-mail-ru/2019_2_Solar/pinterest/usecase/create_fuctions.go:141.2,143.22 3 0
github.com/go-park-mail-ru/2019_2_Solar/pinterest/usecase/create_fuctions.go:138.53,140.3 1 0
github.com/go-park-mail-ru/2019_2_Solar/pinterest/usecase/create_fuctions.go:146.51,147.50 1 0
github.com/go-park-mail-ru/2019_2_Solar/pinterest/usecase/create_fuctions.go:150.2,150.12 1 0
github.com/go-park-mail-ru/2019_2_Solar/pinterest/usecase/create_fuctions.go:147.50,149.3 1 0
github.com/go-park-mail-ru/2019_2_Solar/pinterest/usecase/create_fuctions.go:152.87,154.16 2 0
github.com/go-park-mail-ru/2019_2_Solar/pinterest/usecase/create_fuctions.go:157.2,157.15 1 0
github.com/go-park-mail-ru/2019_2_Solar/pinterest/usecase/create_fuctions.go:162.2,162.53 1 0
github.com/go-park-mail-ru/2019_2_Solar/pinterest/usecase/create_fuctions.go:165.2,165.12 1 0
github.com/go-park-mail-ru/2019_2_Solar/pinterest/usecase/create_fuctions.go:154.16,156.3 1 0
github.com/go-park-mail-ru/2019_2_Solar/pinterest/usecase/create_fuctions.go:157.15,158.41 1 0
github.com/go-park-mail-ru/2019_2_Solar/pinterest/usecase/create_fuctions.go:158.41,160.4 1 0
github.com/go-park-mail-ru/2019_2_Solar/pinterest/usecase/create_fuctions.go:162.53,164.3 1 0
github.com/go-park-mail-ru/2019_2_Solar/pinterest/usecase/create_fuctions.go:168.68,177.16 2 0
github.com/go-park-mail-ru/2019_2_Solar/pinterest/usecase/create_fuctions.go:180.2,180.20 1 0
github.com/go-park-mail-ru/2019_2_Solar/pinterest/usecase/create_fuctions.go:177.16,179.3 1 0
github.com/go-park-mail-ru/2019_2_Solar/pinterest/usecase/create_fuctions.go:183.62,187.16 4 0
github.com/go-park-mail-ru/2019_2_Solar/pinterest/usecase/create_fuctions.go:190.2,190.20 1 0
github.com/go-park-mail-ru/2019_2_Solar/pinterest/usecase/create_fuctions.go:187.16,189.3 1 0
github.com/go-park-mail-ru/2019_2_Solar/pinterest/usecase/create_fuctions.go:193.71,195.16 2 0
github.com/go-park-mail-ru/2019_2_Solar/pinterest/usecase/create_fuctions.go:198.2,198.20 1 0
github.com/go-park-mail-ru/2019_2_Solar/pinterest/usecase/create_fuctions.go:195.16,197.3 1 0
github.com/go-park-mail-ru/2019_2_Solar/pinterest/usecase/create_fuctions.go:201.92,203.16 2 0
github.com/go-park-mail-ru/2019_2_Solar/pinterest/usecase/create_fuctions.go:206.2,206.12 1 0
github.com/go-park-mail-ru/2019_2_Solar/pinterest/usecase/create_fuctions.go:203.16,205.3 1 0
github.com/go-park-mail-ru/2019_2_Solar/pinterest/usecase/create_fuctions.go:209.78,213.16 4 0
github.com/go-park-mail-ru/2019_2_Solar/pinterest/usecase/create_fuctions.go:216.2,216.12 1 0
github.com/go-park-mail-ru/2019_2_Solar/pinterest/usecase/create_fuctions.go:213.16,215.3 1 0
github.com/go-park-mail-ru/2019_2_Solar/pinterest/usecase/create_fuctions.go:219.71,221.33 2 0
github.com/go-park-mail-ru/2019_2_Solar/pinterest/usecase/create_fuctions.go:225.2,226.16 2 0
github.com/go-park-mail-ru/2019_2_Solar/pinterest/usecase/create_fuctions.go:230.2,231.28 2 0
github.com/go-park-mail-ru/2019_2_Solar/pinterest/usecase/create_fuctions.go:245.2,245.28 1 0
github.com/go-park-mail-ru/2019_2_Solar/pinterest/usecase/create_fuctions.go:251.2,251.12 1 0
github.com/go-park-mail-ru/2019_2_Solar/pinterest/usecase/create_fuctions.go:221.33,224.3 1 0
github.com/go-park-mail-ru/2019_2_Solar/pinterest/usecase/create_fuctions.go:226.16,228.3 1 0
github.com/go-park-mail-ru/2019_2_Solar/pinterest/usecase/create_fuctions.go:231.28,232.40 1 0
github.com/go-park-mail-ru/2019_2_Solar/pinterest/usecase/create_fuctions.go:237.3,237.31 1 0
github.com/go-park-mail-ru/2019_2_Solar/pinterest/usecase/create_fuctions.go:242.3,242.27 1 0
github.com/go-park-mail-ru/2019_2_Solar/pinterest/usecase/create_fuctions.go:232.40,233.24 1 0
github.com/go-park-mail-ru/2019_2_Solar/pinterest/usecase/create_fuctions.go:233.24,235.5 1 0
github.com/go-park-mail-ru/2019_2_Solar/pinterest/usecase/create_fuctions.go:237.31,238.57 1 0
github.com/go-park-mail-ru/2019_2_Solar/pinterest/usecase/create_fuctions.go:238.57,240.5 1 0
github.com/go-park-mail-ru/2019_2_Solar/pinterest/usecase/create_fuctions.go:245.28,246.69 1 0
github.com/go-park-mail-ru/2019_2_Solar/pinterest/usecase/create_fuctions.go:246.69,248.4 1 0
github.com/go-park-mail-ru/2019_2_Solar/pinterest/usecase/delete_functions.go:3.69,5.16 2 0
github.com/go-park-mail-ru/2019_2_Solar/pinterest/usecase/delete_functions.go:8.2,8.12 1 0
github.com/go-park-mail-ru/2019_2_Solar/pinterest/usecase/delete_functions.go:5.16,7.3 1 0
github.com/go-park-mail-ru/2019_2_Solar/pinterest/usecase/delete_functions.go:11.81,13.16 2 0
github.com/go-park-mail-ru/2019_2_Solar/pinterest/usecase/delete_functions.go:16.2,16.12 1 0
github.com/go-park-mail-ru/2019_2_Solar/pinterest/usecase/delete_functions.go:13.16,15.3 1 0
github.com/go-park-mail-ru/2019_2_Solar/pinterest/delivery/handlers_delete.go:15.74,17.15 2 0
github.com/go-park-mail-ru/2019_2_Solar/pinterest/delivery/handlers_delete.go:22.2,26.16 4 0
github.com/go-park-mail-ru/2019_2_Solar/pinterest/delivery/handlers_delete.go:32.2,39.16 4 0
github.com/go-park-mail-ru/2019_2_Solar/pinterest/delivery/handlers_delete.go:43.2,49.16 6 0
github.com/go-park-mail-ru/2019_2_Solar/pinterest/delivery/handlers_delete.go:52.2,52.12 1 0
github.com/go-park-mail-ru/2019_2_Solar/pinterest/delivery/handlers_delete.go:17.15,18.60 1 0
github.com/go-park-mail-ru/2019_2_Solar/pinterest/delivery/handlers_delete.go:18.60,20.4 1 0
github.com/go-park-mail-ru/2019_2_Solar/pinterest/delivery/handlers_delete.go:26.16,28.3 1 0
github.com/go-park-mail-ru/2019_2_Solar/pinterest/delivery/handlers_delete.go:39.16,41.3 1 0
github.com/go-park-mail-ru/2019_2_Solar/pinterest/delivery/handlers_delete.go:49.16,51.3 1 0
github.com/go-park-mail-ru/2019_2_Solar/pinterest/delivery/handlers_delete.go:55.79,56.15 1 0
github.com/go-park-mail-ru/2019_2_Solar/pinterest/delivery/handlers_delete.go:61.2,63.20 3 0
github.com/go-park-mail-ru/2019_2_Solar/pinterest/delivery/handlers_delete.go:66.2,71.49 3 0
github.com/go-park-mail-ru/2019_2_Solar/pinterest/delivery/handlers_delete.go:74.2,78.44 3 0
github.com/go-park-mail-ru/2019_2_Solar/pinterest/delivery/handlers_delete.go:81.2,81.12 1 0
github.com/go-park-mail-ru/2019_2_Solar/pinterest/delivery/handlers_delete.go:56.15,57.60 1 0
github.com/go-park-mail-ru/2019_2_Solar/pinterest/delivery/handlers_delete.go:57.60,59.4 1 0
github.com/go-park-mail-ru/2019_2_Solar/pinterest/delivery/handlers_delete.go:63.20,65.3 1 0
github.com/go-park-mail-ru/2019_2_Solar/pinterest/delivery/handlers_delete.go:71.49,73.3 1 0
github.com/go-park-mail-ru/2019_2_Solar/pinterest/delivery/handlers_delete.go:78.44,80.3 1 0
github.com/go-park-mail-ru/2019_2_Solar/pinterest/mocks/usecase_mocks.go:30.69,34.2 3 0
github.com/go-park-mail-ru/2019_2_Solar/pinterest/mocks/usecase_mocks.go:37.67,39.2 1 0
github.com/go-park-mail-ru/2019_2_Solar/pinterest/mocks/usecase_mocks.go:42.95,47.2 4 0
github.com/go-park-mail-ru/2019_2_Solar/pinterest/mocks/usecase_mocks.go:50.99,53.2 2 0
github.com/go-park-mail-ru/2019_2_Solar/pinterest/mocks/usecase_mocks.go:56.97,61.2 4 0
github.com/go-park-mail-ru/2019_2_Solar/pinterest/mocks/usecase_mocks.go:64.102,67.2 2 0
github.com/go-park-mail-ru/2019_2_Solar/pinterest/mocks/usecase_mocks.go:70.91,76.2 5 0
github.com/go-park-mail-ru/2019_2_Solar/pinterest/mocks/usecase_mocks.go:79.94,82.2 2 0
github.com/go-park-mail-ru/2019_2_Solar/pinterest/mocks/usecase_mocks.go:85.78,91.2 5 0
github.com/go-park-mail-ru/2019_2_Solar/pinterest/mocks/usecase_mocks.go:94.88,97.2 2 0
github.com/go-park-mail-ru/2019_2_Solar/pinterest/mocks/usecase_mocks.go:100.75,106.2 5 0
github.com/go-park-mail-ru/2019_2_Solar/pinterest/mocks/usecase_mocks.go:109.90,112.2 2 0
github.com/go-park-mail-ru/2019_2_Solar/pinterest/mocks/usecase_mocks.go:115.72,121.2 5 0
github.com/go-park-mail-ru/2019_2_Solar/pinterest/mocks/usecase_mocks.go:124.68,127.2 2 0
github.com/go-park-mail-ru/2019_2_Solar/pinterest/mocks/usecase_mocks.go:130.88,135.2 4 0
github.com/go-park-mail-ru/2019_2_Solar/pinterest/mocks/usecase_mocks.go:138.113,141.2 2 0
github.com/go-park-mail-ru/2019_2_Solar/pinterest/mocks/usecase_mocks.go:144.82,149.2 4 0
github.com/go-park-mail-ru/2019_2_Solar/pinterest/mocks/usecase_mocks.go:152.98,155.2 2 0
github.com/go-park-mail-ru/2019_2_Solar/pinterest/mocks/usecase_mocks.go:158.88,163.2 4 0
github.com/go-park-mail-ru/2019_2_Solar/pinterest/mocks/usecase_mocks.go:166.113,169.2 2 0
github.com/go-park-mail-ru/2019_2_Solar/pinterest/mocks/usecase_mocks.go:172.91,177.2 4 0
github.com/go-park-mail-ru/2019_2_Solar/pinterest/mocks/usecase_mocks.go:180.99,183.2 2 0
github.com/go-park-mail-ru/2019_2_Solar/pinterest/mocks/usecase_mocks.go:186.123,191.2 4 0
github.com/go-park-mail-ru/2019_2_Solar/pinterest/mocks/usecase_mocks.go:194.141,197.2 2 0
github.com/go-park-mail-ru/2019_2_Solar/pinterest/mocks/usecase_mocks.go:200.75,205.2 4 0
github.com/go-park-mail-ru/2019_2_Solar/pinterest/mocks/usecase_mocks.go:208.91,211.2 2 0
github.com/go-park-mail-ru/2019_2_Solar/pinterest/mocks/usecase_mocks.go:214.69,219.2 4 0
github.com/go-park-mail-ru/2019_2_Solar/pinterest/mocks/usecase_mocks.go:222.87,225.2 2 0
github.com/go-park-mail-ru/2019_2_Solar/pinterest/mocks/usecase_mocks.go:228.90,234.2 5 0
github.com/go-park-mail-ru/2019_2_Solar/pinterest/mocks/usecase_mocks.go:237.101,240.2 2 0
github.com/go-park-mail-ru/2019_2_Solar/pinterest/mocks/usecase_mocks.go:243.99,249.2 5 0
github.com/go-park-mail-ru/2019_2_Solar/pinterest/mocks/usecase_mocks.go:252.89,255.2 2 0
github.com/go-park-mail-ru/2019_2_Solar/pinterest/mocks/usecase_mocks.go:258.89,264.2 5 0
github.com/go-park-mail-ru/2019_2_Solar/pinterest/mocks/usecase_mocks.go:267.104,270.2 2 0
github.com/go-park-mail-ru/2019_2_Solar/pinterest/mocks/usecase_mocks.go:273.82,279.2 5 0
github.com/go-park-mail-ru/2019_2_Solar/pinterest/mocks/usecase_mocks.go:282.92,285.2 2 0
github.com/go-park-mail-ru/2019_2_Solar/pinterest/mocks/usecase_mocks.go:288.76,294.2 5 0
github.com/go-park-mail-ru/2019_2_Solar/pinterest/mocks/usecase_mocks.go:297.85,300.2 2 0
github.com/go-park-mail-ru/2019_2_Solar/pinterest/mocks/usecase_mocks.go:303.75,309.2 5 0
github.com/go-park-mail-ru/2019_2_Solar/pinterest/mocks/usecase_mocks.go:312.84,315.2 2 0
github.com/go-park-mail-ru/2019_2_Solar/pinterest/mocks/usecase_mocks.go:318.79,324.2 5 0
github.com/go-park-mail-ru/2019_2_Solar/pinterest/mocks/usecase_mocks.go:327.86,330.2 2 0
github.com/go-park-mail-ru/2019_2_Solar/pinterest/mocks/usecase_mocks.go:333.70,339.2 5 0
github.com/go-park-mail-ru/2019_2_Solar/pinterest/mocks/usecase_mocks.go:342.81,345.2 2 0
github.com/go-park-mail-ru/2019_2_Solar/pinterest/mocks/usecase_mocks.go:348.73,354.2 5 0
github.com/go-park-mail-ru/2019_2_Solar/pinterest/mocks/usecase_mocks.go:357.80,360.2 2 0
github.com/go-park-mail-ru/2019_2_Solar/pinterest/mocks/usecase_mocks.go:363.88,369.2 5 0
github.com/go-park-mail-ru/2019_2_Solar/pinterest/mocks/usecase_mocks.go:372.90,375.2 2 0
github.com/go-park-mail-ru/2019_2_Solar/pinterest/mocks/usecase_mocks.go:378.86,384.2 5 0
github.com/go-park-mail-ru/2019_2_Solar/pinterest/mocks/usecase_mocks.go:387.91,390.2 2 0
github.com/go-park-mail-ru/2019_2_Solar/pinterest/mocks/usecase_mocks.go:393.70,399.2 5 0
github.com/go-park-mail-ru/2019_2_Solar/pinterest/mocks/usecase_mocks.go:402.67,405.2 2 0
github.com/go-park-mail-ru/2019_2_Solar/pinterest/mocks/usecase_mocks.go:408.82,414.2 5 0
github.com/go-park-mail-ru/2019_2_Solar/pinterest/mocks/usecase_mocks.go:417.84,420.2 2 0
github.com/go-park-mail-ru/2019_2_Solar/pinterest/mocks/usecase_mocks.go:423.89,429.2 5 0
github.com/go-park-mail-ru/2019_2_Solar/pinterest/mocks/usecase_mocks.go:432.91,435.2 2 0
github.com/go-park-mail-ru/2019_2_Solar/pinterest/mocks/usecase_mocks.go:438.97,443.2 4 0
github.com/go-park-mail-ru/2019_2_Solar/pinterest/mocks/usecase_mocks.go:446.104,449.2 2 0
github.com/go-park-mail-ru/2019_2_Solar/pinterest/mocks/usecase_mocks.go:452.87,458.2 5 0
github.com/go-park-mail-ru/2019_2_Solar/pinterest/mocks/usecase_mocks.go:461.85,464.2 2 0
github.com/go-park-mail-ru/2019_2_Solar/pinterest/mocks/usecase_mocks.go:467.79,473.2 5 0
github.com/go-park-mail-ru/2019_2_Solar/pinterest/mocks/usecase_mocks.go:476.87,479.2 2 0
github.com/go-park-mail-ru/2019_2_Solar/pinterest/mocks/usecase_mocks.go:482.81,488.2 5 0
github.com/go-park-mail-ru/2019_2_Solar/pinterest/mocks/usecase_mocks.go:491.87,494.2 2 0
github.com/go-park-mail-ru/2019_2_Solar/pinterest/mocks/usecase_mocks.go:497.83,502.2 4 0
github.com/go-park-mail-ru/2019_2_Solar/pinterest/mocks/usecase_mocks.go:505.101,508.2 2 0
github.com/go-park-mail-ru/2019_2_Solar/pinterest/mocks/usecase_mocks.go:511.86,516.2 4 0
github.com/go-park-mail-ru/2019_2_Solar/pinterest/mocks/usecase_mocks.go:519.104,522.2 2 0
github.com/go-park-mail-ru/2019_2_Solar/pinterest/mocks/usecase_mocks.go:525.79,531.2 5 0
github.com/go-park-mail-ru/2019_2_Solar/pinterest/mocks/usecase_mocks.go:534.94,537.2 2 0
github.com/go-park-mail-ru/2019_2_Solar/pinterest/mocks/usecase_mocks.go:540.74,545.2 4 0
github.com/go-park-mail-ru/2019_2_Solar/pinterest/mocks/usecase_mocks.go:548.99,551.2 2 0
github.com/go-park-mail-ru/2019_2_Solar/pinterest/mocks/usecase_mocks.go:554.85,560.2 5 0
github.com/go-park-mail-ru/2019_2_Solar/pinterest/mocks/usecase_mocks.go:563.97,566.2 2 0
github.com/go-park-mail-ru/2019_2_Solar/pinterest/mocks/usecase_mocks.go:569.56,574.2 4 0
github.com/go-park-mail-ru/2019_2_Solar/pinterest/mocks/usecase_mocks.go:577.81,580.2 2 0
github.com/go-park-mail-ru/2019_2_Solar/pinterest/mocks/usecase_mocks.go:583.86,588.2 4 0
github.com/go-park-mail-ru/2019_2_Solar/pinterest/mocks/usecase_mocks.go:591.101,594.2 2 0
github.com/go-park-mail-ru/2019_2_Solar/pinterest/mocks/usecase_mocks.go:597.62,602.2 4 0
github.com/go-park-mail-ru/2019_2_Solar/pinterest/mocks/usecase_mocks.go:605.66,608.2 2 0
github.com/go-park-mail-ru/2019_2_Solar/pinterest/mocks/usecase_mocks.go:611.85,617.2 5 0
github.com/go-park-mail-ru/2019_2_Solar/pinterest/mocks/usecase_mocks.go:620.87,623.2 2 0
github.com/go-park-mail-ru/2019_2_Solar/pinterest/mocks/usecase_mocks.go:626.89,632.2 5 0
github.com/go-park-mail-ru/2019_2_Solar/pinterest/mocks/usecase_mocks.go:635.97,638.2 2 0
github.com/go-park-mail-ru/2019_2_Solar/pinterest/mocks/usecase_mocks.go:641.81,644.2 2 0
github.com/go-park-mail-ru/2019_2_Solar/pinterest/mocks/usecase_mocks.go:647.91,650.2 2 0
github.com/go-park-mail-ru/2019_2_Solar/pinterest/mocks/usecase_mocks.go:653.99,659.2 5 0
github.com/go-park-mail-ru/2019_2_Solar/pinterest/mocks/usecase_mocks.go:662.109,665.2 2 0
github.com/go-park-mail-ru/2019_2_Solar/pinterest/mocks/usecase_mocks.go:668.76,673.2 4 0
github.com/go-park-mail-ru/2019_2_Solar/pinterest/mocks/usecase_mocks.go:676.94,679.2 2 0
github.com/go-park-mail-ru/2019_2_Solar/pinterest/mocks/usecase_mocks.go:682.71,688.2 5 0
github.com/go-park-mail-ru/2019_2_Solar/pinterest/mocks/usecase_mocks.go:691.70,694.2 2 0
github.com/go-park-mail-ru/2019_2_Solar/pinterest/mocks/usecase_mocks.go:697.101,703.2 5 0
github.com/go-park-mail-ru/2019_2_Solar/pinterest/mocks/usecase_mocks.go:706.100,709.2 2 0
github.com/go-park-mail-ru/2019_2_Solar/pinterest/mocks/usecase_mocks.go:712.90,718.2 5 0
github.com/go-park-mail-ru/2019_2_Solar/pinterest/mocks/usecase_mocks.go:721.100,724.2 2 0
github.com/go-park-mail-ru/2019_2_Solar/pinterest/mocks/usecase_mocks.go:727.101,733.2 5 0
github.com/go-park-mail-ru/2019_2_Solar/pinterest/mocks/usecase_mocks.go:736.104,739.2 2 0
github.com/go-park-mail-ru/2019_2_Solar/pinterest/mocks/usecase_mocks.go:742.102,748.2 5 0
github.com/go-park-mail-ru/2019_2_Solar/pinterest/mocks/usecase_mocks.go:751.105,754.2 2 0
github.com/go-park-mail-ru/2019_2_Solar/pinterest/delivery/notice.go:12.75,13.15 1 0
github.com/go-park-mail-ru/2019_2_Solar/pinterest/delivery/notice.go:18.2,21.20 4 0
github.com/go-park-mail-ru/2019_2_Solar/pinterest/delivery/notice.go:24.2,30.50 4 0
github.com/go-park-mail-ru/2019_2_Solar/pinterest/delivery/notice.go:34.2,35.14 2 0
github.com/go-park-mail-ru/2019_2_Solar/pinterest/delivery/notice.go:38.2,39.16 2 0
github.com/go-park-mail-ru/2019_2_Solar/pinterest/delivery/notice.go:43.2,50.16 3 0
github.com/go-park-mail-ru/2019_2_Solar/pinterest/delivery/notice.go:53.2,68.45 4 0
github.com/go-park-mail-ru/2019_2_Solar/pinterest/delivery/notice.go:72.2,72.12 1 0
github.com/go-park-mail-ru/2019_2_Solar/pinterest/delivery/notice.go:13.15,14.60 1 0
github.com/go-park-mail-ru/2019_2_Solar/pinterest/delivery/notice.go:14.60,16.4 1 0
github.com/go-park-mail-ru/2019_2_Solar/pinterest/delivery/notice.go:21.20,23.3 1 0
github.com/go-park-mail-ru/2019_2_Solar/pinterest/delivery/notice.go:30.50,32.3 1 0
github.com/go-park-mail-ru/2019_2_Solar/pinterest/delivery/notice.go:35.14,37.3 1 0
github.com/go-park-mail-ru/2019_2_Solar/pinterest/delivery/notice.go:39.16,41.3 1 0
github.com/go-park-mail-ru/2019_2_Solar/pinterest/delivery/notice.go:50.16,52.3 1 0
github.com/go-park-mail-ru/2019_2_Solar/pinterest/delivery/notice.go:68.45,70.3 1 0
github.com/go-park-mail-ru/2019_2_Solar/pinterest/delivery/notice.go:76.73,77.15 1 0
github.com/go-park-mail-ru/2019_2_Solar/pinterest/delivery/notice.go:82.2,84.20 3 0
github.com/go-park-mail-ru/2019_2_Solar/pinterest/delivery/notice.go:87.2,90.16 4 0
github.com/go-park-mail-ru/2019_2_Solar/pinterest/delivery/notice.go:93.2,98.44 3 0
github.com/go-park-mail-ru/2019_2_Solar/pinterest/delivery/notice.go:101.2,101.12 1 0
github.com/go-park-mail-ru/2019_2_Solar/pinterest/delivery/notice.go:77.15,78.60 1 0
github.com/go-park-mail-ru/2019_2_Solar/pinterest/delivery/notice.go:78.60,80.4 1 0
github.com/go-park-mail-ru/2019_2_Solar/pinterest/delivery/notice.go:84.20,86.3 1 0
github.com/go-park-mail-ru/2019_2_Solar/pinterest/delivery/notice.go:90.16,92.3 1 0
github.com/go-park-mail-ru/2019_2_Solar/pinterest/delivery/notice.go:98.44,100.3 1 0
github.com/go-park-mail-ru/2019_2_Solar/pinterest/usecase/middleware/functions.go:9.89,11.16 2 0
github.com/go-park-mail-ru/2019_2_Solar/pinterest/usecase/middleware/functions.go:14.2,14.20 1 0
github.com/go-park-mail-ru/2019_2_Solar/pinterest/usecase/middleware/functions.go:17.2,17.19 1 0
github.com/go-park-mail-ru/2019_2_Solar/pinterest/usecase/middleware/functions.go:20.2,20.21 1 0
github.com/go-park-mail-ru/2019_2_Solar/pinterest/usecase/middleware/functions.go:11.16,13.3 1 0
github.com/go-park-mail-ru/2019_2_Solar/pinterest/usecase/middleware/functions.go:14.20,16.3 1 0
github.com/go-park-mail-ru/2019_2_Solar/pinterest/usecase/middleware/functions.go:17.19,19.3 1 0
github.com/go-park-mail-ru/2019_2_Solar/pinterest/usecase/middleware/functions.go:23.100,25.16 2 0
github.com/go-park-mail-ru/2019_2_Solar/pinterest/usecase/middleware/functions.go:28.2,28.27 1 0
github.com/go-park-mail-ru/2019_2_Solar/pinterest/usecase/middleware/functions.go:31.2,31.26 1 0
github.com/go-park-mail-ru/2019_2_Solar/pinterest/usecase/middleware/functions.go:34.2,34.28 1 0
github.com/go-park-mail-ru/2019_2_Solar/pinterest/usecase/middleware/functions.go:25.16,27.3 1 0
[...]
github.com/go-park-mail-ru/2019_2_Solar/pinterest/mocks/usecase_mocks.go:393.70,399.2 5 0
github.com/go-park-mail-ru/2019_2_Solar/pinterest/mocks/usecase_mocks.go:402.67,405.2 2 0
github.com/go-park-mail-ru/2019_2_Solar/pinterest/mocks/usecase_mocks.go:408.82,414.2 5 0
github.com/go-park-mail-ru/2019_2_Solar/pinterest/mocks/usecase_mocks.go:417.84,420.2 2 0
github.com/go-park-mail-ru/2019_2_Solar/pinterest/mocks/usecase_mocks.go:423.89,429.2 5 0
github.com/go-park-mail-ru/2019_2_Solar/pinterest/mocks/usecase_mocks.go:432.91,435.2 2 0
github.com/go-park-mail-ru/2019_2_Solar/pinterest/mocks/usecase_mocks.go:438.97,443.2 4 0
github.com/go-park-mail-ru/2019_2_Solar/pinterest/mocks/usecase_mocks.go:446.104,449.2 2 0
github.com/go-park-mail-ru/2019_2_Solar/pinterest/mocks/usecase_mocks.go:452.87,458.2 5 0
github.com/go-park-mail-ru/2019_2_Solar/pinterest/mocks/usecase_mocks.go:461.85,464.2 2 0
github.com/go-park-mail-ru/2019_2_Solar/pinterest/mocks/usecase_mocks.go:467.79,473.2 5 0
github.com/go-park-mail-ru/2019_2_Solar/pinterest/mocks/usecase_mocks.go:476.87,479.2 2 0
github.com/go-park-mail-ru/2019_2_Solar/pinterest/mocks/usecase_mocks.go:482.81,488.2 5 0
github.com/go-park-mail-ru/2019_2_Solar/pinterest/mocks/usecase_mocks.go:491.87,494.2 2 0
github.com/go-park-mail-ru/2019_2_Solar/pinterest/mocks/usecase_mocks.go:497.83,502.2 4 0
github.com/go-park-mail-ru/2019_2_Solar/pinterest/mocks/usecase_mocks.go:505.101,508.2 2 0
github.com/go-park-mail-ru/2019_2_Solar/pinterest/mocks/usecase_mocks.go:511.86,516.2 4 0
github.com/go-park-mail-ru/2019_2_Solar/pinterest/mocks/usecase_mocks.go:519.104,522.2 2 0
github.com/go-park-mail-ru/2019_2_Solar/pinterest/mocks/usecase_mocks.go:525.79,531.2 5 0
github.com/go-park-mail-ru/2019_2_Solar/pinterest/mocks/usecase_mocks.go:534.94,537.2 2 0
github.com/go-park-mail-ru/2019_2_Solar/pinterest/mocks/usecase_mocks.go:540.74,545.2 4 0
github.com/go-park-mail-ru/2019_2_Solar/pinterest/mocks/usecase_mocks.go:548.99,551.2 2 0
github.com/go-park-mail-ru/2019_2_Solar/pinterest/mocks/usecase_mocks.go:554.85,560.2 5 0
github.com/go-park-mail-ru/2019_2_Solar/pinterest/mocks/usecase_mocks.go:563.97,566.2 2 0
github.com/go-park-mail-ru/2019_2_Solar/pinterest/mocks/usecase_mocks.go:569.56,574.2 4 0
github.com/go-park-mail-ru/2019_2_Solar/pinterest/mocks/usecase_mocks.go:577.81,580.2 2 0
github.com/go-park-mail-ru/2019_2_Solar/pinterest/mocks/usecase_mocks.go:583.86,588.2 4 0
github.com/go-park-mail-ru/2019_2_Solar/pinterest/mocks/usecase_mocks.go:591.101,594.2 2 0
github.com/go-park-mail-ru/2019_2_Solar/pinterest/mocks/usecase_mocks.go:597.62,602.2 4 0
github.com/go-park-mail-ru/2019_2_Solar/pinterest/mocks/usecase_mocks.go:605.66,608.2 2 0
github.com/go-park-mail-ru/2019_2_Solar/pinterest/mocks/usecase_mocks.go:611.85,617.2 5 0
github.com/go-park-mail-ru/2019_2_Solar/pinterest/mocks/usecase_mocks.go:620.87,623.2 2 0
github.com/go-park-mail-ru/2019_2_Solar/pinterest/mocks/usecase_mocks.go:626.89,632.2 5 0
github.com/go-park-mail-ru/2019_2_Solar/pinterest/mocks/usecase_mocks.go:635.97,638.2 2 0
github.com/go-park-mail-ru/2019_2_Solar/pinterest/mocks/usecase_mocks.go:641.81,644.2 2 0
github.com/go-park-mail-ru/2019_2_Solar/pinterest/mocks/usecase_mocks.go:647.91,650.2 2 0
github.com/go-park-mail-ru/2019_2_Solar/pinterest/mocks/usecase_mocks.go:653.99,659.2 5 0
github.com/go-park-mail-ru/2019_2_Solar/pinterest/mocks/usecase_mocks.go:662.109,665.2 2 0
github.com/go-park-mail-ru/2019_2_Solar/pinterest/mocks/usecase_mocks.go:668.76,673.2 4 0
github.com/go-park-mail-ru/2019_2_Solar/pinterest/mocks/usecase_mocks.go:676.94,679.2 2 0
github.com/go-park-mail-ru/2019_2_Solar/pinterest/mocks/usecase_mocks.go:682.71,688.2 5 0
github.com/go-park-mail-ru/2019_2_Solar/pinterest/mocks/usecase_mocks.go:691.70,694.2 2 0
github.com/go-park-mail-ru/2019_2_Solar/pinterest/mocks/usecase_mocks.go:697.101,703.2 5 0
github.com/go-park-mail-ru/2019_2_Solar/pinterest/mocks/usecase_mocks.go:706.100,709.2 2 0
github.com/go-park-mail-ru/2019_2_Solar/pinterest/mocks/usecase_mocks.go:712.90,718.2 5 0
github.com/go-park-mail-ru/2019_2_Solar/pinterest/mocks/usecase_mocks.go:721.100,724.2 2 0
github.com/go-park-mail-ru/2019_2_Solar/pinterest/mocks/usecase_mocks.go:727.101,733.2 5 0
github.com/go-park-mail-ru/2019_2_Solar/pinterest/mocks/usecase_mocks.go:736.104,739.2 2 0
github.com/go-park-mail-ru/2019_2_Solar/pinterest/mocks/usecase_mocks.go:742.102,748.2 5 0
github.com/go-park-mail-ru/2019_2_Solar/pinterest/mocks/usecase_mocks.go:751.105,754.2 2 0
github.com/go-park-mail-ru/2019_2_Solar/pinterest/delivery/handlers_take.go:15.72,16.14 1 0
github.com/go-park-mail-ru/2019_2_Solar/pinterest/delivery/handlers_take.go:21.1,22.15 2 0
github.com/go-park-mail-ru/2019_2_Solar/pinterest/delivery/handlers_take.go:27.2,30.20 4 0
github.com/go-park-mail-ru/2019_2_Solar/pinterest/delivery/handlers_take.go:35.2,36.14 2 0
github.com/go-park-mail-ru/2019_2_Solar/pinterest/delivery/handlers_take.go:39.2,40.16 2 0
github.com/go-park-mail-ru/2019_2_Solar/pinterest/delivery/handlers_take.go:44.2,52.16 3 0
github.com/go-park-mail-ru/2019_2_Solar/pinterest/delivery/handlers_take.go:56.2,68.44 3 0
github.com/go-park-mail-ru/2019_2_Solar/pinterest/delivery/handlers_take.go:76.2,90.45 2 0
github.com/go-park-mail-ru/2019_2_Solar/pinterest/delivery/handlers_take.go:94.2,94.12 1 0
github.com/go-park-mail-ru/2019_2_Solar/pinterest/delivery/handlers_take.go:16.14,17.50 1 0
github.com/go-park-mail-ru/2019_2_Solar/pinterest/delivery/handlers_take.go:17.50,19.2 1 0
github.com/go-park-mail-ru/2019_2_Solar/pinterest/delivery/handlers_take.go:22.15,23.52 1 0
github.com/go-park-mail-ru/2019_2_Solar/pinterest/delivery/handlers_take.go:23.52,25.4 1 0
github.com/go-park-mail-ru/2019_2_Solar/pinterest/delivery/handlers_take.go:30.20,32.3 1 0
github.com/go-park-mail-ru/2019_2_Solar/pinterest/delivery/handlers_take.go:36.14,38.3 1 0
github.com/go-park-mail-ru/2019_2_Solar/pinterest/delivery/handlers_take.go:40.16,42.3 1 0
github.com/go-park-mail-ru/2019_2_Solar/pinterest/delivery/handlers_take.go:52.16,54.3 1 0
github.com/go-park-mail-ru/2019_2_Solar/pinterest/delivery/handlers_take.go:68.44,74.3 1 0
github.com/go-park-mail-ru/2019_2_Solar/pinterest/delivery/handlers_take.go:90.45,92.3 1 0
github.com/go-park-mail-ru/2019_2_Solar/pinterest/delivery/handlers_take.go:97.70,98.15 1 0
github.com/go-park-mail-ru/2019_2_Solar/pinterest/delivery/handlers_take.go:103.2,105.20 3 0
github.com/go-park-mail-ru/2019_2_Solar/pinterest/delivery/handlers_take.go:108.2,109.14 2 0
github.com/go-park-mail-ru/2019_2_Solar/pinterest/delivery/handlers_take.go:112.2,113.16 2 0
github.com/go-park-mail-ru/2019_2_Solar/pinterest/delivery/handlers_take.go:117.2,125.16 3 0
github.com/go-park-mail-ru/2019_2_Solar/pinterest/delivery/handlers_take.go:129.2,143.51 3 0
github.com/go-park-mail-ru/2019_2_Solar/pinterest/delivery/handlers_take.go:152.2,158.44 3 0
github.com/go-park-mail-ru/2019_2_Solar/pinterest/delivery/handlers_take.go:162.2,162.12 1 0
github.com/go-park-mail-ru/2019_2_Solar/pinterest/delivery/handlers_take.go:98.15,99.60 1 0
github.com/go-park-mail-ru/2019_2_Solar/pinterest/delivery/handlers_take.go:99.60,101.4 1 0
github.com/go-park-mail-ru/2019_2_Solar/pinterest/delivery/handlers_take.go:105.20,107.3 1 0
github.com/go-park-mail-ru/2019_2_Solar/pinterest/delivery/handlers_take.go:109.14,111.3 1 0
github.com/go-park-mail-ru/2019_2_Solar/pinterest/delivery/handlers_take.go:113.16,115.3 1 0
github.com/go-park-mail-ru/2019_2_Solar/pinterest/delivery/handlers_take.go:125.16,127.3 1 0
github.com/go-park-mail-ru/2019_2_Solar/pinterest/delivery/handlers_take.go:143.51,150.3 1 0
github.com/go-park-mail-ru/2019_2_Solar/pinterest/delivery/handlers_take.go:158.44,160.3 1 0
github.com/go-park-mail-ru/2019_2_Solar/pinterest/delivery/handlers_take.go:165.72,167.15 2 0
github.com/go-park-mail-ru/2019_2_Solar/pinterest/delivery/handlers_take.go:172.2,177.16 4 0
github.com/go-park-mail-ru/2019_2_Solar/pinterest/delivery/handlers_take.go:181.2,182.42 2 0
github.com/go-park-mail-ru/2019_2_Solar/pinterest/delivery/handlers_take.go:198.2,200.16 3 0
github.com/go-park-mail-ru/2019_2_Solar/pinterest/delivery/handlers_take.go:203.2,203.12 1 0
github.com/go-park-mail-ru/2019_2_Solar/pinterest/delivery/handlers_take.go:167.15,168.60 1 0
github.com/go-park-mail-ru/2019_2_Solar/pinterest/delivery/handlers_take.go:168.60,170.4 1 0
github.com/go-park-mail-ru/2019_2_Solar/pinterest/delivery/handlers_take.go:177.16,179.3 1 0
github.com/go-park-mail-ru/2019_2_Solar/pinterest/delivery/handlers_take.go:182.42,196.3 1 0
github.com/go-park-mail-ru/2019_2_Solar/pinterest/delivery/handlers_take.go:200.16,202.3 1 0
github.com/go-park-mail-ru/2019_2_Solar/pinterest/delivery/handlers_take.go:206.81,207.15 1 0
github.com/go-park-mail-ru/2019_2_Solar/pinterest/delivery/handlers_take.go:212.2,214.20 3 0
github.com/go-park-mail-ru/2019_2_Solar/pinterest/delivery/handlers_take.go:217.2,219.20 3 0
github.com/go-park-mail-ru/2019_2_Solar/pinterest/delivery/handlers_take.go:229.2,232.16 2 0
github.com/go-park-mail-ru/2019_2_Solar/pinterest/delivery/handlers_take.go:236.2,251.50 3 0
github.com/go-park-mail-ru/2019_2_Solar/pinterest/delivery/handlers_take.go:282.2,288.44 3 0
github.com/go-park-mail-ru/2019_2_Solar/pinterest/delivery/handlers_take.go:291.2,291.12 1 0
github.com/go-park-mail-ru/2019_2_Solar/pinterest/delivery/handlers_take.go:207.15,208.60 1 0
github.com/go-park-mail-ru/2019_2_Solar/pinterest/delivery/handlers_take.go:208.60,210.4 1 0
github.com/go-park-mail-ru/2019_2_Solar/pinterest/delivery/handlers_take.go:214.20,216.3 1 0
github.com/go-park-mail-ru/2019_2_Solar/pinterest/delivery/handlers_take.go:219.20,223.17 4 0
github.com/go-park-mail-ru/2019_2_Solar/pinterest/delivery/handlers_take.go:223.17,225.4 1 0
github.com/go-park-mail-ru/2019_2_Solar/pinterest/delivery/handlers_take.go:232.16,234.3 1 0
github.com/go-park-mail-ru/2019_2_Solar/pinterest/delivery/handlers_take.go:251.50,257.3 1 0
github.com/go-park-mail-ru/2019_2_Solar/pinterest/delivery/handlers_take.go:288.44,290.3 1 0
github.com/go-park-mail-ru/2019_2_Solar/pinterest/usecase/return.go:5.56,7.2 1 0
github.com/go-park-mail-ru/2019_2_Solar/pinterest/web_socket/client.go:34.42,36.3 1 0
github.com/go-park-mail-ru/2019_2_Solar/pinterest/web_socket/client.go:57.66,58.15 1 0
github.com/go-park-mail-ru/2019_2_Solar/pinterest/web_socket/client.go:62.2,64.16 3 0
github.com/go-park-mail-ru/2019_2_Solar/pinterest/web_socket/client.go:67.2,67.43 1 0
github.com/go-park-mail-ru/2019_2_Solar/pinterest/web_socket/client.go:68.2,68.6 1 0
github.com/go-park-mail-ru/2019_2_Solar/pinterest/web_socket/client.go:58.15,61.3 2 0
github.com/go-park-mail-ru/2019_2_Solar/pinterest/web_socket/client.go:64.16,66.3 1 0
github.com/go-park-mail-ru/2019_2_Solar/pinterest/web_socket/client.go:67.43,67.107 2 0
github.com/go-park-mail-ru/2019_2_Solar/pinterest/web_socket/client.go:68.6,70.17 2 0
github.com/go-park-mail-ru/2019_2_Solar/pinterest/web_socket/client.go:78.3,80.17 3 0
github.com/go-park-mail-ru/2019_2_Solar/pinterest/web_socket/client.go:86.3,88.30 3 0
github.com/go-park-mail-ru/2019_2_Solar/pinterest/web_socket/client.go:94.3,105.37 5 0
github.com/go-park-mail-ru/2019_2_Solar/pinterest/web_socket/client.go:70.17,72.103 2 0
github.com/go-park-mail-ru/2019_2_Solar/pinterest/web_socket/client.go:76.4,76.9 1 0
github.com/go-park-mail-ru/2019_2_Solar/pinterest/web_socket/client.go:72.103,75.5 2 0
github.com/go-park-mail-ru/2019_2_Solar/pinterest/web_socket/client.go:80.17,82.9 2 0
github.com/go-park-mail-ru/2019_2_Solar/pinterest/web_socket/client.go:88.30,91.9 3 0
github.com/go-park-mail-ru/2019_2_Solar/pinterest/web_socket/client.go:105.37,106.49 1 0
github.com/go-park-mail-ru/2019_2_Solar/pinterest/web_socket/client.go:106.49,108.5 1 0
github.com/go-park-mail-ru/2019_2_Solar/pinterest/web_socket/client.go:119.30,121.15 2 0
github.com/go-park-mail-ru/2019_2_Solar/pinterest/web_socket/client.go:125.2,125.6 1 0
github.com/go-park-mail-ru/2019_2_Solar/pinterest/web_socket/client.go:121.15,124.3 2 0
github.com/go-park-mail-ru/2019_2_Solar/pinterest/web_socket/client.go:125.6,126.10 1 0
github.com/go-park-mail-ru/2019_2_Solar/pinterest/web_socket/client.go:127.32,129.11 2 0
github.com/go-park-mail-ru/2019_2_Solar/pinterest/web_socket/client.go:134.4,134.29 1 0
github.com/go-park-mail-ru/2019_2_Solar/pinterest/web_socket/client.go:135.19,137.74 2 0
github.com/go-park-mail-ru/2019_2_Solar/pinterest/web_socket/client.go:129.11,133.5 2 0
github.com/go-park-mail-ru/2019_2_Solar/pinterest/web_socket/client.go:137.74,139.5 1 0
github.com/go-park-mail-ru/2019_2_Solar/pinterest/delivery/handlers_functions.go:13.108,87.2 43 0
github.com/go-park-mail-ru/2019_2_Solar/pinterest/delivery/users.go:9.80,10.15 1 0
github.com/go-park-mail-ru/2019_2_Solar/pinterest/delivery/users.go:15.2,16.20 2 0
github.com/go-park-mail-ru/2019_2_Solar/pinterest/delivery/users.go:19.2,21.20 3 0
github.com/go-park-mail-ru/2019_2_Solar/pinterest/delivery/users.go:29.2,32.16 3 0
github.com/go-park-mail-ru/2019_2_Solar/pinterest/delivery/users.go:35.2,38.16 3 0
github.com/go-park-mail-ru/2019_2_Solar/pinterest/delivery/users.go:50.2,56.44 3 0
github.com/go-park-mail-ru/2019_2_Solar/pinterest/delivery/users.go:59.2,59.12 1 0
github.com/go-park-mail-ru/2019_2_Solar/pinterest/delivery/users.go:10.15,11.60 1 0
github.com/go-park-mail-ru/2019_2_Solar/pinterest/delivery/users.go:11.60,13.4 1 0
github.com/go-park-mail-ru/2019_2_Solar/pinterest/delivery/users.go:16.20,18.3 1 0
github.com/go-park-mail-ru/2019_2_Solar/pinterest/delivery/users.go:21.20,25.17 4 0
github.com/go-park-mail-ru/2019_2_Solar/pinterest/delivery/users.go:25.17,27.4 1 0
github.com/go-park-mail-ru/2019_2_Solar/pinterest/delivery/users.go:32.16,34.3 1 0
github.com/go-park-mail-ru/2019_2_Solar/pinterest/delivery/users.go:38.16,40.3 1 0
github.com/go-park-mail-ru/2019_2_Solar/pinterest/delivery/users.go:56.44,58.3 1 0
github.com/go-park-mail-ru/2019_2_Solar/pinterest/delivery/users.go:62.78,63.15 1 0
github.com/go-park-mail-ru/2019_2_Solar/pinterest/delivery/users.go:68.2,70.20 3 0
github.com/go-park-mail-ru/2019_2_Solar/pinterest/delivery/users.go:73.2,75.71 3 0
github.com/go-park-mail-ru/2019_2_Solar/pinterest/delivery/users.go:78.2,82.44 3 0
github.com/go-park-mail-ru/2019_2_Solar/pinterest/delivery/users.go:85.2,85.12 1 0
github.com/go-park-mail-ru/2019_2_Solar/pinterest/delivery/users.go:63.15,64.60 1 0
github.com/go-park-mail-ru/2019_2_Solar/pinterest/delivery/users.go:64.60,66.4 1 0
github.com/go-park-mail-ru/2019_2_Solar/pinterest/delivery/users.go:70.20,72.3 1 0
github.com/go-park-mail-ru/2019_2_Solar/pinterest/delivery/users.go:75.71,77.3 1 0
github.com/go-park-mail-ru/2019_2_Solar/pinterest/delivery/users.go:82.44,84.3 1 0
github.com/go-park-mail-ru/2019_2_Solar/pinterest/delivery/users.go:88.78,89.15 1 0
github.com/go-park-mail-ru/2019_2_Solar/pinterest/delivery/users.go:94.2,96.20 3 0
github.com/go-park-mail-ru/2019_2_Solar/pinterest/delivery/users.go:99.2,101.74 3 0
github.com/go-park-mail-ru/2019_2_Solar/pinterest/delivery/users.go:104.2,108.44 3 0
github.com/go-park-mail-ru/2019_2_Solar/pinterest/delivery/users.go:111.2,111.12 1 0
github.com/go-park-mail-ru/2019_2_Solar/pinterest/delivery/users.go:89.15,90.60 1 0
github.com/go-park-mail-ru/2019_2_Solar/pinterest/delivery/users.go:90.60,92.4 1 0
github.com/go-park-mail-ru/2019_2_Solar/pinterest/delivery/users.go:96.20,98.3 1 0
github.com/go-park-mail-ru/2019_2_Solar/pinterest/delivery/users.go:101.74,103.3 1 0
github.com/go-park-mail-ru/2019_2_Solar/pinterest/delivery/users.go:108.44,110.3 1 0
github.com/go-park-mail-ru/2019_2_Solar/pinterest/usecase/chat_web_socket.go:9.76,14.2 4 0
github.com/go-park-mail-ru/2019_2_Solar/pinterest/usecase/delete_functions.go:3.69,5.16 2 1
github.com/go-park-mail-ru/2019_2_Solar/pinterest/usecase/delete_functions.go:8.2,8.12 1 1
github.com/go-park-mail-ru/2019_2_Solar/pinterest/usecase/delete_functions.go:5.16,7.3 1 1
github.com/go-park-mail-ru/2019_2_Solar/pinterest/usecase/delete_functions.go:11.81,13.16 2 0
github.com/go-park-mail-ru/2019_2_Solar/pinterest/usecase/delete_functions.go:16.2,16.12 1 0
github.com/go-park-mail-ru/2019_2_Solar/pinterest/usecase/delete_functions.go:13.16,15.3 1 0
github.com/go-park-mail-ru/2019_2_Solar/pinterest/sanitizer/sanitizer_functions.go:8.40,10.2 1 1
github.com/go-park-mail-ru/2019_2_Solar/pinterest/sanitizer/sanitizer_functions.go:12.54,18.2 5 1
github.com/go-park-mail-ru/2019_2_Solar/pinterest/sanitizer/sanitizer_functions.go:20.51,23.2 2 0
github.com/go-park-mail-ru/2019_2_Solar/pinterest/sanitizer/sanitizer_functions.go:25.81,27.2 1 0
github.com/go-park-mail-ru/2019_2_Solar/pinterest/sanitizer/sanitizer_functions.go:29.70,32.2 2 1
github.com/go-park-mail-ru/2019_2_Solar/pinterest/sanitizer/sanitizer_functions.go:34.57,38.2 3 1
github.com/go-park-mail-ru/2019_2_Solar/pinterest/sanitizer/sanitizer_functions.go:40.65,42.2 1 1
github.com/go-park-mail-ru/2019_2_Solar/pinterest/sanitizer/sanitizer_functions.go:44.59,49.2 4 1
github.com/go-park-mail-ru/2019_2_Solar/pinterest/delivery/handlers_delete.go:15.74,17.15 2 0
github.com/go-park-mail-ru/2019_2_Solar/pinterest/delivery/handlers_delete.go:22.2,26.16 4 0
github.com/go-park-mail-ru/2019_2_Solar/pinterest/delivery/handlers_delete.go:32.2,39.16 4 0
github.com/go-park-mail-ru/2019_2_Solar/pinterest/delivery/handlers_delete.go:43.2,49.16 6 0
github.com/go-park-mail-ru/2019_2_Solar/pinterest/delivery/handlers_delete.go:52.2,52.12 1 0
github.com/go-park-mail-ru/2019_2_Solar/pinterest/delivery/handlers_delete.go:17.15,18.60 1 0
github.com/go-park-mail-ru/2019_2_Solar/pinterest/delivery/handlers_delete.go:18.60,20.4 1 0
github.com/go-park-mail-ru/2019_2_Solar/pinterest/delivery/handlers_delete.go:26.16,28.3 1 0
github.com/go-park-mail-ru/2019_2_Solar/pinterest/delivery/handlers_delete.go:39.16,41.3 1 0
github.com/go-park-mail-ru/2019_2_Solar/pinterest/delivery/handlers_delete.go:49.16,51.3 1 0
github.com/go-park-mail-ru/2019_2_Solar/pinterest/delivery/handlers_delete.go:55.79,56.15 1 0
github.com/go-park-mail-ru/2019_2_Solar/pinterest/delivery/handlers_delete.go:61.2,63.20 3 0
github.com/go-park-mail-ru/2019_2_Solar/pinterest/delivery/handlers_delete.go:66.2,71.49 3 0
github.com/go-park-mail-ru/2019_2_Solar/pinterest/delivery/handlers_delete.go:74.2,78.44 3 0
github.com/go-park-mail-ru/2019_2_Solar/pinterest/delivery/handlers_delete.go:81.2,81.12 1 0
github.com/go-park-mail-ru/2019_2_Solar/pinterest/delivery/handlers_delete.go:56.15,57.60 1 0
github.com/go-park-mail-ru/2019_2_Solar/pinterest/delivery/handlers_delete.go:57.60,59.4 1 0
github.com/go-park-mail-ru/2019_2_Solar/pinterest/delivery/handlers_delete.go:63.20,65.3 1 0
github.com/go-park-mail-ru/2019_2_Solar/pinterest/delivery/handlers_delete.go:71.49,73.3 1 0
github.com/go-park-mail-ru/2019_2_Solar/pinterest/delivery/handlers_delete.go:78.44,80.3 1 0
github.com/go-park-mail-ru/2019_2_Solar/pinterest/usecase/json_functions.go:8.96,10.8 2 1
github.com/go-park-mail-ru/2019_2_Solar/pinterest/usecase/json_functions.go:20.2,20.54 1 1
github.com/go-park-mail-ru/2019_2_Solar/pinterest/usecase/json_functions.go:30.2,30.43 1 1
github.com/go-park-mail-ru/2019_2_Solar/pinterest/usecase/json_functions.go:40.2,40.57 1 1
github.com/go-park-mail-ru/2019_2_Solar/pinterest/usecase/json_functions.go:50.2,56.16 2 1
github.com/go-park-mail-ru/2019_2_Solar/pinterest/usecase/json_functions.go:10.8,19.3 2 1
github.com/go-park-mail-ru/2019_2_Solar/pinterest/usecase/json_functions.go:20.54,29.3 2 1
github.com/go-park-mail-ru/2019_2_Solar/pinterest/usecase/json_functions.go:30.43,39.3 2 1
github.com/go-park-mail-ru/2019_2_Solar/pinterest/usecase/json_functions.go:40.57,49.3 2 1
github.com/go-park-mail-ru/2019_2_Solar/pinterest/usecase/json_functions.go:59.91,61.45 2 0
github.com/go-park-mail-ru/2019_2_Solar/pinterest/usecase/json_functions.go:64.2,64.12 1 0
github.com/go-park-mail-ru/2019_2_Solar/pinterest/usecase/json_functions.go:61.45,63.3 1 0
